#
# A fatal error has been detected by the Java Runtime Environment:
#
#  EXCEPTION_ACCESS_VIOLATION (0xc0000005) at pc=0x000001fcddd48e0f, pid=14056, tid=18400
#
# JRE version: OpenJDK Runtime Environment Temurin-22.0.2+9 (22.0.2+9) (build 22.0.2+9)
# Java VM: OpenJDK 64-Bit Server VM Temurin-22.0.2+9 (22.0.2+9, mixed mode, emulated-client, tiered, compressed oops, compressed class ptrs, g1 gc, windows-amd64)
# Problematic frame:
# v  ~BufferBlob::MethodHandles adapters 0x000001fcddd48e0f
#
# No core dump will be written. Minidumps are not enabled by default on client versions of Windows
#
# If you would like to submit a bug report, please visit:
#   https://github.com/adoptium/adoptium-support/issues
#

---------------  S U M M A R Y ------------

Command Line: -XX:+ShowCodeDetailsInExceptionMessages -agentlib:jdwp=transport=dt_socket,suspend=y,address=localhost:54250 -Dcom.sun.management.jmxremote -Dcom.sun.management.jmxremote.port=54248 -Dcom.sun.management.jmxremote.authenticate=false -Dcom.sun.management.jmxremote.ssl=false -Djava.rmi.server.hostname=localhost -Dspring.jmx.enabled=true -Dmanagement.endpoints.jmx.exposure.include=* -Dspring.application.admin.enabled=true -XX:TieredStopAtLevel=1 -Dspring.boot.project.name=demo -javaagent:C:\Users\Mun\eclipse\jee-2024-06\eclipse\configuration\org.eclipse.osgi\448\0\.cp\lib\javaagent-shaded.jar -Dfile.encoding=UTF-8 -Dstdout.encoding=UTF-8 -Dstderr.encoding=UTF-8 vn.iotstar.DemoApplication --spring.output.ansi.enabled=always

Host: AMD Ryzen 7 8845H w/ Radeon 780M Graphics, 16 cores, 13G,  Windows 11 , 64 bit Build 22621 (10.0.22621.3958)
Time: Wed Nov  6 15:58:27 2024 SE Asia Standard Time elapsed time: 3960.619368 seconds (0d 1h 6m 0s)

---------------  T H R E A D  ---------------

Current thread (0x000001fcedccbe40):  JavaThread "restartedMain"        [_thread_in_Java, id=18400, stack(0x000000bff6800000,0x000000bff6900000) (1024K)]

Stack: [0x000000bff6800000,0x000000bff6900000],  sp=0x000000bff68f70e8,  free space=988k
Native frames: (J=compiled Java code, j=interpreted, Vv=VM code, C=native code)
C  0x000001fcddd48e0f  (no source info available)

The last pc belongs to _linkToSpecial (printed below).

siginfo: EXCEPTION_ACCESS_VIOLATION (0xc0000005), reading address 0xfffffffffffffff7


Registers:
RAX=0x000001fcddcf90e6, RBX=0x000000072b455938, RCX=0xfffffffffffffff7, RDX=0x0000000000000002
RSP=0x000000bff68f70e8, RBP=0x000000bff68f7138, RSI=0x000001fcf0a7fca8, RDI=0x000001fcf594b000
R8 =0x0000000000000004, R9 =0x0000000000000004, R10=0x00007fffb3bf0cc0, R11=0x000001fce93d2c78
R12=0x0000000000000000, R13=0x000000bff68f70e8, R14=0x000000bff68f7158, R15=0x000001fcedccbe40
RIP=0x000001fcddd48e0f, EFLAGS=0x0000000000010246


Register to memory mapping:

RAX=0x000001fcddcf90e6 is at code_begin+3174 in an Interpreter codelet
return entry points  [0x000001fcddcf8480, 0x000001fcddcfa388]  7944 bytes
RBX=0x000000072b455938 is an oop: vn.iotstar.entity.Shop 
{0x000000072b455938} - klass: 'vn/iotstar/entity/Shop'
 - ---- fields (total size 8 words):
 - private 'status' 'I' @12  0 (0x00000000)
 - private 'display' 'I' @16  0 (0x00000000)
 - private 'id' 'Ljava/lang/Long;' @20  null (0x00000000)
 - private 'shopId' 'Ljava/lang/String;' @24  null (0x00000000)
 - private 'name' 'Ljava/lang/String;' @28  null (0x00000000)
 - private 'avatar' 'Ljava/lang/String;' @32  null (0x00000000)
 - private 'description' 'Ljava/lang/String;' @36  null (0x00000000)
 - private 'sdt' 'Ljava/lang/String;' @40  null (0x00000000)
 - private 'email' 'Ljava/lang/String;' @44  null (0x00000000)
 - private 'address' 'Lvn/iotstar/entity/AddressShop;' @48  null (0x00000000)
 - private 'info' 'Lvn/iotstar/entity/IdentificationInfo;' @52  null (0x00000000)
 - private 'user' 'Lvn/iotstar/entity/UserInfo;' @56  null (0x00000000)
 - private 'products' 'Ljava/util/List;' @60  null (0x00000000)
RCX=0xfffffffffffffff7 is an unknown value
RDX=0x0000000000000002 is an unknown value
RSP=0x000000bff68f70e8 is pointing into the stack for thread: 0x000001fcedccbe40
RBP=0x000000bff68f7138 is pointing into the stack for thread: 0x000001fcedccbe40
RSI=0x000001fcf0a7fca8 points into unknown readable memory: 0x8000140521a65e21 | 21 5e a6 21 05 14 00 80
RDI=0x000001fcf594b000 points into unknown readable memory: 0x0000001800000070 | 70 00 00 00 18 00 00 00
R8 =0x0000000000000004 is an unknown value
R9 =0x0000000000000004 is an unknown value
R10=0x00007fffb3bf0cc0 jvm.dll
R11={method} {0x000001fce93d2c80} 'newInvokeSpecial' '(Ljava/lang/Object;)Ljava/lang/Object;' in 'java/lang/invoke/DirectMethodHandle$Holder'
R12=0x0 is null
R13=0x000000bff68f70e8 is pointing into the stack for thread: 0x000001fcedccbe40
R14=0x000000bff68f7158 is pointing into the stack for thread: 0x000001fcedccbe40
R15=0x000001fcedccbe40 is a thread

Top of Stack: (sp=0x000000bff68f70e8)
0x000000bff68f70e8:   000001fcddcf90e6 fffffffffffffff7
0x000000bff68f70f8:   000001fce93d2c67 0000000000000004
0x000000bff68f7108:   000001fce93d77e8 000000bff68f7170
0x000000bff68f7118:   00000007241a6e10 000001fce93d2c78
0x000000bff68f7128:   fffffffffffffff6 000000bff68f7160
0x000000bff68f7138:   000000bff68f7410 000001fcde149673
0x000000bff68f7148:   000000072b455890 000000072b455938
0x000000bff68f7158:   000000072b4558f0 0000000000000003
0x000000bff68f7168:   00007fffb338103c 00007fffb3930868
0x000000bff68f7178:   000000072b454cf0 000000bff68f7410
0x000000bff68f7188:   000001fcdee502fc 0000000000000280
0x000000bff68f7198:   0000000000000000 0000000000000000
0x000000bff68f71a8:   00000007248ea8f0 000000072b454d28
0x000000bff68f71b8:   0000000726b53b08 00000007248ea8e0
0x000000bff68f71c8:   0000000000000000 000000bff68f7a30
0x000000bff68f71d8:   000001fcddeba6a2 000000072416c318
0x000000bff68f71e8:   0000000726c02e10 0000000726b1fff8
0x000000bff68f71f8:   0000000726b1fff8 0000000000000000
0x000000bff68f7208:   0000000700000000 000000072b455920
0x000000bff68f7218:   0000000000000000 000000bff68f7410
0x000000bff68f7228:   000001fcde77f95e 0000000726b1fff8
0x000000bff68f7238:   000000072b454df8 000000bff68f76a8
0x000000bff68f7248:   000001fcddeba6a2 000000072b4558f0
0x000000bff68f7258:   000001fcddedf77e 000000bff68f7440
0x000000bff68f7268:   000001fcddcf90e6 0000000725256590
0x000000bff68f7278:   00000007252565a8 000000072b41b368
0x000000bff68f7288:   0000000000000000 0000000726b1fff8
0x000000bff68f7298:   000000072b455920 00000007252564b0
0x000000bff68f72a8:   000000072b454cd8 0000000000000000
0x000000bff68f72b8:   000001fcde148d64 000000bff68f7410
0x000000bff68f72c8:   000001fcde143c4a 000000072b455668
0x000000bff68f72d8:   000000072b455680 0000000000000000 

Instructions: (pc=0x000001fcddd48e0f)
0x000001fcddd48d0f:   1f 84 00 00 00 00 00 66 66 0f 1f 84 00 00 00 00
0x000001fcddd48d1f:   00 48 8b 53 08 0f b7 52 2e 48 8b 0c d4 8b 59 14
0x000001fcddd48d2f:   48 c1 e3 03 8b 5b 28 48 c1 e3 03 8b 5b 24 48 c1
0x000001fcddd48d3f:   e3 03 48 8b 5b 10 48 85 db 0f 84 10 00 00 00 41
0x000001fcddd48d4f:   80 bf e8 05 00 00 00 74 03 ff 63 38 ff 63 50 e9
0x000001fcddd48d5f:   9d 72 fd ff 66 66 66 0f 1f 84 00 00 00 00 00 66
0x000001fcddd48d6f:   0f 1f 84 00 00 00 00 00 66 0f 1f 84 00 00 00 00
0x000001fcddd48d7f:   00 48 8b 53 08 0f b7 52 2e 48 8b 0c d4 58 5b 50
0x000001fcddd48d8f:   44 8b 51 08 4c 8b 5b 10 4b 8b 9c da c8 01 00 00
0x000001fcddd48d9f:   48 85 db 0f 84 10 00 00 00 41 80 bf e8 05 00 00
0x000001fcddd48daf:   00 74 03 ff 63 38 ff 63 50 e9 43 72 fd ff 66 66
0x000001fcddd48dbf:   90 58 5b 50 8b 5b 24 48 c1 e3 03 48 8b 5b 10 48
0x000001fcddd48dcf:   85 db 0f 84 10 00 00 00 41 80 bf e8 05 00 00 00
0x000001fcddd48ddf:   74 03 ff 63 38 ff 63 50 e9 14 72 fd ff 66 66 0f
0x000001fcddd48def:   1f 84 00 00 00 00 00 66 66 0f 1f 84 00 00 00 00
0x000001fcddd48dff:   00 48 8b 53 08 0f b7 52 2e 48 8b 0c d4 58 5b 50
0x000001fcddd48e0f:   48 3b 01 8b 5b 24 48 c1 e3 03 48 8b 5b 10 48 85
0x000001fcddd48e1f:   db 0f 84 10 00 00 00 41 80 bf e8 05 00 00 00 74
0x000001fcddd48e2f:   03 ff 63 38 ff 63 50 e9 c5 71 fd ff 0f 1f 44 00
0x000001fcddd48e3f:   00 48 8b 53 08 0f b7 52 2e 48 8b 0c d4 58 5b 50
0x000001fcddd48e4f:   44 8b 51 08 8b 43 18 48 c1 e0 03 48 8b 40 10 48
0x000001fcddd48e5f:   8b 5b 10 45 8b 9a a0 00 00 00 4f 8d 9c da c8 01
0x000001fcddd48e6f:   00 00 4d 8d 14 da 49 8b 1b 48 3b c3 74 15 48 85
0x000001fcddd48e7f:   db 0f 84 32 00 00 00 49 83 c3 10 49 8b 1b 48 3b
0x000001fcddd48e8f:   c3 75 eb 45 8b 5b 08 4b 8b 1c 1a 48 85 db 0f 84
0x000001fcddd48e9f:   10 00 00 00 41 80 bf e8 05 00 00 00 74 03 ff 63
0x000001fcddd48eaf:   38 ff 63 50 e9 48 71 fd ff e9 43 6e fd ff f4 00
0x000001fcddd48ebf:   00 00 00 00 00 00 00 00 00 00 00 00 00 00 00 00
0x000001fcddd48ecf:   00 00 00 00 00 00 00 00 00 00 00 00 00 00 00 00
0x000001fcddd48edf:   00 00 00 00 00 00 00 00 00 00 00 00 00 00 00 00
0x000001fcddd48eef:   00 00 00 00 00 00 00 00 00 00 00 00 00 00 00 00
0x000001fcddd48eff:   00 00 00 00 00 00 00 00 00 00 00 00 00 00 00 00 


Stack slot to memory mapping:

stack at sp + 0 slots: 0x000001fcddcf90e6 is at code_begin+3174 in an Interpreter codelet
return entry points  [0x000001fcddcf8480, 0x000001fcddcfa388]  7944 bytes
stack at sp + 1 slots: 0xfffffffffffffff7 is an unknown value
stack at sp + 2 slots: 0x000001fce93d2c67 is pointing into metadata
stack at sp + 3 slots: 0x0000000000000004 is an unknown value
stack at sp + 4 slots: 0x000001fce93d77e8 is pointing into metadata
stack at sp + 5 slots: 0x000000bff68f7170 is pointing into the stack for thread: 0x000001fcedccbe40
stack at sp + 6 slots: 0x00000007241a6e10 is an oop: java.lang.Class 
{0x00000007241a6e10} - klass: 'java/lang/Class'
 - ---- fields (total size 14 words):
 - private volatile transient 'classRedefinedCount' 'I' @12  0 (0x00000000)
 - injected 'klass' 'J' @16  2248356896 (0x0000000086033420)
 - injected 'array_klass' 'J' @24  0 (0x0000000000000000)
 - injected 'oop_size' 'I' @32  14 (0x0000000e)
 - injected 'static_oop_field_count' 'I' @36  0 (0x00000000)
 - private volatile transient 'cachedConstructor' 'Ljava/lang/reflect/Constructor;' @40  null (0x00000000)
 - private transient 'name' 'Ljava/lang/String;' @44  null (0x00000000)
 - private transient 'module' 'Ljava/lang/Module;' @48  a 'java/lang/Module'{0x00000007241873c8} (0xe4830e79)
 - private final 'classLoader' 'Ljava/lang/ClassLoader;' @52  null (0x00000000)
 - private transient 'classData' 'Ljava/lang/Object;' @56  null (0x00000000)
 - private transient 'packageName' 'Ljava/lang/String;' @60  null (0x00000000)
 - private final 'componentType' 'Ljava/lang/Class;' @64  null (0x00000000)
 - private volatile transient 'reflectionData' 'Ljava/lang/ref/SoftReference;' @68  null (0x00000000)
 - private volatile transient 'genericInfo' 'Lsun/reflect/generics/repository/ClassRepository;' @72  null (0x00000000)
 - private volatile transient 'enumConstants' '[Ljava/lang/Object;' @76  null (0x00000000)
 - private volatile transient 'enumConstantDirectory' 'Ljava/util/Map;' @80  null (0x00000000)
 - private volatile transient 'annotationData' 'Ljava/lang/Class$AnnotationData;' @84  null (0x00000000)
 - private volatile transient 'annotationType' 'Lsun/reflect/annotation/AnnotationType;' @88  null (0x00000000)
 - transient 'classValueMap' 'Ljava/lang/ClassValue$ClassValueMap;' @92  null (0x00000000)
 - injected 'protection_domain' 'Ljava/lang/Object;' @96  null (0x00000000)
 - injected 'signers_name' 'Ljava/lang/Object;' @100  null (0x00000000)
 - injected 'source_file' 'Ljava/lang/Object;' @104  null (0x00000000)
 - signature: Ljava/lang/invoke/DirectMethodHandle$Holder;
 - ---- static fields (0):
stack at sp + 7 slots: {method} {0x000001fce93d2c80} 'newInvokeSpecial' '(Ljava/lang/Object;)Ljava/lang/Object;' in 'java/lang/invoke/DirectMethodHandle$Holder'

MethodHandle::interpreter_entry::_linkToSpecial [0x000001fcddd48dec, 0x000001fcddd48e3b] (79 bytes)
[MachCode]
  0x000001fcddd48dec: 6666 0f1f | 8400 0000 | 0000 6666 | 0f1f 8400 | 0000 0000 | 488b 5308 | 0fb7 522e | 488b 0cd4 
  0x000001fcddd48e0c: 585b 5048 | 3b01 8b5b | 2448 c1e3 | 0348 8b5b | 1048 85db | 0f84 1000 | 0000 4180 | bfe8 0500 
  0x000001fcddd48e2c: 0000 7403 | ff63 38ff | 6350 e9c5 | 
[/MachCode]

---------------  P R O C E S S  ---------------

Threads class SMR info:
_java_thread_list=0x000001fcef216c50, length=26, elements={
0x000001fce895a710, 0x000001fce895b980, 0x000001fce8989920, 0x000001fce898a380,
0x000001fce89aa9b0, 0x000001fce89ab820, 0x000001fce8980b00, 0x000001fce8adbc30,
0x000001fce8c1a450, 0x000001fce8c1d300, 0x000001fce8c1fab0, 0x000001fced7e6c30,
0x000001fcedb32c50, 0x000001fcedb93800, 0x000001fcedbad9e0, 0x000001fcede43d20,
0x000001fcede33190, 0x000001fcedf62670, 0x000001fcedfec7d0, 0x000001fcf569ab90,
0x000001fcedcc96e0, 0x000001fcedccbe40, 0x000001fcefaf2cf0, 0x000001fcefaf33c0,
0x000001fcefaf77e0, 0x000001fcedccd880
}

Java Threads: ( => current thread )
  0x000001fce895a710 JavaThread "Reference Handler"          daemon [_thread_blocked, id=19652, stack(0x000000bff7100000,0x000000bff7200000) (1024K)]
  0x000001fce895b980 JavaThread "Finalizer"                  daemon [_thread_blocked, id=21988, stack(0x000000bff7200000,0x000000bff7300000) (1024K)]
  0x000001fce8989920 JavaThread "Signal Dispatcher"          daemon [_thread_blocked, id=20100, stack(0x000000bff7300000,0x000000bff7400000) (1024K)]
  0x000001fce898a380 JavaThread "Attach Listener"            daemon [_thread_blocked, id=9844, stack(0x000000bff7400000,0x000000bff7500000) (1024K)]
  0x000001fce89aa9b0 JavaThread "Service Thread"             daemon [_thread_blocked, id=18916, stack(0x000000bff7500000,0x000000bff7600000) (1024K)]
  0x000001fce89ab820 JavaThread "Monitor Deflation Thread"   daemon [_thread_blocked, id=24092, stack(0x000000bff7600000,0x000000bff7700000) (1024K)]
  0x000001fce8980b00 JavaThread "C1 CompilerThread0"         daemon [_thread_blocked, id=18228, stack(0x000000bff7700000,0x000000bff7800000) (1024K)]
  0x000001fce8adbc30 JavaThread "Common-Cleaner"             daemon [_thread_blocked, id=19888, stack(0x000000bff7900000,0x000000bff7a00000) (1024K)]
  0x000001fce8c1a450 JavaThread "JDWP Transport Listener: dt_socket" daemon [_thread_blocked, id=13800, stack(0x000000bff7a00000,0x000000bff7b00000) (1024K)]
  0x000001fce8c1d300 JavaThread "JDWP Event Helper Thread"   daemon [_thread_blocked, id=9448, stack(0x000000bff7b00000,0x000000bff7c00000) (1024K)]
  0x000001fce8c1fab0 JavaThread "JDWP Command Reader"        daemon [_thread_blocked, id=14516, stack(0x000000bff7c00000,0x000000bff7d00000) (1024K)]
  0x000001fced7e6c30 JavaThread "Notification Thread"        daemon [_thread_blocked, id=15744, stack(0x000000bff7f00000,0x000000bff8000000) (1024K)]
  0x000001fcedb32c50 JavaThread "RMI TCP Accept-0"           daemon [_thread_in_native, id=25572, stack(0x000000bff8000000,0x000000bff8100000) (1024K)]
  0x000001fcedb93800 JavaThread "RMI TCP Accept-54248"       daemon [_thread_in_native, id=22996, stack(0x000000bff8900000,0x000000bff8a00000) (1024K)]
  0x000001fcedbad9e0 JavaThread "RMI TCP Accept-0"           daemon [_thread_in_native, id=18936, stack(0x000000bff8a00000,0x000000bff8b00000) (1024K)]
  0x000001fcede43d20 JavaThread "RMI Scheduler(0)"           daemon [_thread_blocked, id=22308, stack(0x000000bff8c00000,0x000000bff8d00000) (1024K)]
  0x000001fcede33190 JavaThread "RMI TCP Connection(idle)"   daemon [_thread_blocked, id=23268, stack(0x000000bff8d00000,0x000000bff8e00000) (1024K)]
  0x000001fcedf62670 JavaThread "JMX server connection timeout 47" daemon [_thread_blocked, id=14148, stack(0x000000bff8e00000,0x000000bff8f00000) (1024K)]
  0x000001fcedfec7d0 JavaThread "mysql-cj-abandoned-connection-cleanup" daemon [_thread_blocked, id=7924, stack(0x000000bff9700000,0x000000bff9800000) (1024K)]
  0x000001fcf569ab90 JavaThread "DestroyJavaVM"                     [_thread_blocked, id=1172, stack(0x000000bff6900000,0x000000bff6a00000) (1024K)]
  0x000001fcedcc96e0 JavaThread "Thread-21"                         [_thread_blocked, id=14184, stack(0x000000bff6600000,0x000000bff6700000) (1024K)]
=>0x000001fcedccbe40 JavaThread "restartedMain"                     [_thread_in_Java, id=18400, stack(0x000000bff6800000,0x000000bff6900000) (1024K)]
  0x000001fcefaf2cf0 JavaThread "C1 CompilerThread1"         daemon [_thread_blocked, id=4928, stack(0x000000bff7800000,0x000000bff7900000) (1024K)]
  0x000001fcefaf33c0 JavaThread "C1 CompilerThread2"         daemon [_thread_blocked, id=17904, stack(0x000000bff7d00000,0x000000bff7e00000) (1024K)]
  0x000001fcefaf77e0 JavaThread "C1 CompilerThread3"         daemon [_thread_blocked, id=24996, stack(0x000000bff7e00000,0x000000bff7f00000) (1024K)]
  0x000001fcedccd880 JavaThread "HikariPool-7 housekeeper"   daemon [_thread_blocked, id=15592, stack(0x000000bff9400000,0x000000bff9500000) (1024K)]
Total: 26

Other Threads:
  0x000001fce88def10 VMThread "VM Thread"                           [id=18892, stack(0x000000bff7000000,0x000000bff7100000) (1024K)] _threads_hazard_ptr=0x000001fcef216c50
  0x000001fce8892070 WatcherThread "VM Periodic Task Thread"        [id=12072, stack(0x000000bff6f00000,0x000000bff7000000) (1024K)]
  0x000001fcda270180 WorkerThread "GC Thread#0"                     [id=15972, stack(0x000000bff6a00000,0x000000bff6b00000) (1024K)]
  0x000001fcedb38a60 WorkerThread "GC Thread#1"                     [id=7204, stack(0x000000bff8100000,0x000000bff8200000) (1024K)]
  0x000001fcedb67760 WorkerThread "GC Thread#2"                     [id=23184, stack(0x000000bff8200000,0x000000bff8300000) (1024K)]
  0x000001fcedb67b10 WorkerThread "GC Thread#3"                     [id=7028, stack(0x000000bff8300000,0x000000bff8400000) (1024K)]
  0x000001fcedb67ec0 WorkerThread "GC Thread#4"                     [id=27384, stack(0x000000bff8400000,0x000000bff8500000) (1024K)]
  0x000001fcedb874f0 WorkerThread "GC Thread#5"                     [id=18720, stack(0x000000bff8500000,0x000000bff8600000) (1024K)]
  0x000001fcedb880b0 WorkerThread "GC Thread#6"                     [id=4000, stack(0x000000bff8600000,0x000000bff8700000) (1024K)]
  0x000001fcedb88460 WorkerThread "GC Thread#7"                     [id=18788, stack(0x000000bff8700000,0x000000bff8800000) (1024K)]
  0x000001fcedb91240 WorkerThread "GC Thread#8"                     [id=11320, stack(0x000000bff8800000,0x000000bff8900000) (1024K)]
  0x000001fcedb735c0 WorkerThread "GC Thread#9"                     [id=10460, stack(0x000000bff8f00000,0x000000bff9000000) (1024K)]
  0x000001fcedb72e60 WorkerThread "GC Thread#10"                    [id=2308, stack(0x000000bff9000000,0x000000bff9100000) (1024K)]
  0x000001fcedb73d20 WorkerThread "GC Thread#11"                    [id=4160, stack(0x000000bff9100000,0x000000bff9200000) (1024K)]
  0x000001fcedb72ab0 WorkerThread "GC Thread#12"                    [id=7492, stack(0x000000bff9200000,0x000000bff9300000) (1024K)]
  0x000001fcda27f590 ConcurrentGCThread "G1 Main Marker"            [id=26460, stack(0x000000bff6b00000,0x000000bff6c00000) (1024K)]
  0x000001fcda281e00 WorkerThread "G1 Conc#0"                       [id=19384, stack(0x000000bff6c00000,0x000000bff6d00000) (1024K)]
  0x000001fcedb73210 WorkerThread "G1 Conc#1"                       [id=2716, stack(0x000000bff9500000,0x000000bff9600000) (1024K)]
  0x000001fcedb72700 WorkerThread "G1 Conc#2"                       [id=7432, stack(0x000000bff9600000,0x000000bff9700000) (1024K)]
  0x000001fce87615b0 ConcurrentGCThread "G1 Refine#0"               [id=16072, stack(0x000000bff6d00000,0x000000bff6e00000) (1024K)]
  0x000001fce8762130 ConcurrentGCThread "G1 Service"                [id=20912, stack(0x000000bff6e00000,0x000000bff6f00000) (1024K)]
Total: 21

Threads with active compile tasks:
Total: 0

VM state: synchronizing (normal execution)

VM Mutex/Monitor currently owned by a thread:  ([mutex/lock_event])
[0x00007fffb3be0f80] Threads_lock - owner thread: 0x000001fce88def10

Heap address: 0x0000000723e00000, size: 3522 MB, Compressed Oops mode: Zero based, Oop shift amount: 3

CDS archive(s) not mapped
Compressed class space mapped at: 0x0000000086000000-0x00000000c6000000, reserved size: 1073741824
Narrow klass base: 0x0000000000000000, Narrow klass shift: 0, Narrow klass range: 0xc6000000

GC Precious Log:
 CardTable entry size: 512
 Card Set container configuration: InlinePtr #cards 4 size 8 Array Of Cards #cards 16 size 48 Howl #buckets 8 coarsen threshold 3686 Howl Bitmap #cards 512 size 80 coarsen threshold 460 Card regions per heap region 1 cards per card region 4096
 CPUs: 16 total, 16 available
 Memory: 14086M
 Large Page Support: Disabled
 NUMA Support: Disabled
 Compressed Oops: Enabled (Zero based)
 Heap Region Size: 2M
 Heap Min Capacity: 8M
 Heap Initial Capacity: 222M
 Heap Max Capacity: 3522M
 Pre-touch: Disabled
 Parallel Workers: 13
 Concurrent Workers: 3
 Concurrent Refinement Workers: 13
 Periodic GC: Disabled

Heap:
 garbage-first heap   total reserved 3606528K, committed 122880K, used 40169K [0x0000000723e00000, 0x0000000800000000)
  region size 2048K, 7 young (14336K), 4 survivors (8192K)
 Metaspace       used 93111K, committed 94272K, reserved 1179648K
  class space    used 12765K, committed 13184K, reserved 1048576K

Heap Regions: E=young(eden), S=young(survivor), O=old, HS=humongous(starts), HC=humongous(continues), CS=collection set, F=free, TAMS=top-at-mark-start, PB=parsable bottom
|   0|0x0000000723e00000, 0x0000000724000000, 0x0000000724000000|100%| O|  |TAMS 0x0000000723e00000| PB 0x0000000723e00000| Untracked |  0
|   1|0x0000000724000000, 0x00000007241ffff0, 0x0000000724200000| 99%| O|  |TAMS 0x0000000724000000| PB 0x0000000724000000| Untracked |  0
|   2|0x0000000724200000, 0x0000000724400000, 0x0000000724400000|100%| O|  |TAMS 0x0000000724200000| PB 0x0000000724200000| Untracked |  0
|   3|0x0000000724400000, 0x00000007245fffd8, 0x0000000724600000| 99%| O|  |TAMS 0x0000000724400000| PB 0x0000000724400000| Untracked |  0
|   4|0x0000000724600000, 0x00000007247f1170, 0x0000000724800000| 97%| O|  |TAMS 0x0000000724600000| PB 0x0000000724600000| Untracked |  0
|   5|0x0000000724800000, 0x00000007249fff90, 0x0000000724a00000| 99%| O|  |TAMS 0x0000000724800000| PB 0x0000000724800000| Untracked |  0
|   6|0x0000000724a00000, 0x0000000724bffff8, 0x0000000724c00000| 99%| O|  |TAMS 0x0000000724a00000| PB 0x0000000724a00000| Untracked |  0
|   7|0x0000000724c00000, 0x0000000724dfffd8, 0x0000000724e00000| 99%| O|  |TAMS 0x0000000724c00000| PB 0x0000000724c00000| Untracked |  0
|   8|0x0000000724e00000, 0x0000000725000000, 0x0000000725000000|100%| O|  |TAMS 0x0000000724e00000| PB 0x0000000724e00000| Untracked |  0
|   9|0x0000000725000000, 0x00000007251fffb8, 0x0000000725200000| 99%| O|  |TAMS 0x0000000725000000| PB 0x0000000725000000| Untracked |  0
|  10|0x0000000725200000, 0x00000007253ffff8, 0x0000000725400000| 99%| O|  |TAMS 0x0000000725200000| PB 0x0000000725200000| Untracked |  0
|  11|0x0000000725400000, 0x00000007255ffff8, 0x0000000725600000| 99%| O|  |TAMS 0x0000000725400000| PB 0x0000000725400000| Untracked |  0
|  12|0x0000000725600000, 0x00000007257ffff0, 0x0000000725800000| 99%| O|  |TAMS 0x0000000725600000| PB 0x0000000725600000| Untracked |  0
|  13|0x0000000725800000, 0x00000007258944e8, 0x0000000725a00000| 28%| O|  |TAMS 0x0000000725800000| PB 0x0000000725800000| Untracked |  0
|  14|0x0000000725a00000, 0x0000000725b1fa90, 0x0000000725c00000| 56%| O|  |TAMS 0x0000000725a00000| PB 0x0000000725a00000| Untracked |  0
|  15|0x0000000725c00000, 0x0000000725d0af88, 0x0000000725e00000| 52%| O|  |TAMS 0x0000000725c00000| PB 0x0000000725c00000| Untracked |  0
|  16|0x0000000725e00000, 0x0000000725e024b8, 0x0000000726000000|  0%| O|Cm|TAMS 0x0000000725e00000| PB 0x0000000725e00000| Complete |  0
|  17|0x0000000726000000, 0x0000000726048028, 0x0000000726200000| 14%| O|  |TAMS 0x0000000726000000| PB 0x0000000726000000| Untracked |  0
|  18|0x0000000726200000, 0x0000000726200000, 0x0000000726400000|  0%| F|  |TAMS 0x0000000726200000| PB 0x0000000726200000| Untracked |  0
|  19|0x0000000726400000, 0x0000000726400000, 0x0000000726600000|  0%| F|  |TAMS 0x0000000726400000| PB 0x0000000726400000| Untracked |  0
|  20|0x0000000726600000, 0x0000000726640380, 0x0000000726800000| 12%| S|CS|TAMS 0x0000000726600000| PB 0x0000000726600000| Complete |  0
|  21|0x0000000726800000, 0x0000000726a00000, 0x0000000726a00000|100%| S|CS|TAMS 0x0000000726800000| PB 0x0000000726800000| Complete |  0
|  22|0x0000000726a00000, 0x0000000726c00000, 0x0000000726c00000|100%| S|CS|TAMS 0x0000000726a00000| PB 0x0000000726a00000| Complete |  0
|  23|0x0000000726c00000, 0x0000000726e00000, 0x0000000726e00000|100%| S|CS|TAMS 0x0000000726c00000| PB 0x0000000726c00000| Complete |  0
|  24|0x0000000726e00000, 0x0000000726e00000, 0x0000000727000000|  0%| F|  |TAMS 0x0000000726e00000| PB 0x0000000726e00000| Untracked |  0
|  25|0x0000000727000000, 0x0000000727000000, 0x0000000727200000|  0%| F|  |TAMS 0x0000000727000000| PB 0x0000000727000000| Untracked |  0
|  26|0x0000000727200000, 0x0000000727200000, 0x0000000727400000|  0%| F|  |TAMS 0x0000000727200000| PB 0x0000000727200000| Untracked |  0
|  27|0x0000000727400000, 0x0000000727400000, 0x0000000727600000|  0%| F|  |TAMS 0x0000000727400000| PB 0x0000000727400000| Untracked |  0
|  28|0x0000000727600000, 0x0000000727600000, 0x0000000727800000|  0%| F|  |TAMS 0x0000000727600000| PB 0x0000000727600000| Untracked |  0
|  29|0x0000000727800000, 0x0000000727800000, 0x0000000727a00000|  0%| F|  |TAMS 0x0000000727800000| PB 0x0000000727800000| Untracked |  0
|  30|0x0000000727a00000, 0x0000000727a00000, 0x0000000727c00000|  0%| F|  |TAMS 0x0000000727a00000| PB 0x0000000727a00000| Untracked |  0
|  31|0x0000000727c00000, 0x0000000727c00000, 0x0000000727e00000|  0%| F|  |TAMS 0x0000000727c00000| PB 0x0000000727c00000| Untracked |  0
|  32|0x0000000727e00000, 0x0000000727e00000, 0x0000000728000000|  0%| F|  |TAMS 0x0000000727e00000| PB 0x0000000727e00000| Untracked |  0
|  33|0x0000000728000000, 0x0000000728000000, 0x0000000728200000|  0%| F|  |TAMS 0x0000000728000000| PB 0x0000000728000000| Untracked |  0
|  34|0x0000000728200000, 0x0000000728200000, 0x0000000728400000|  0%| F|  |TAMS 0x0000000728200000| PB 0x0000000728200000| Untracked |  0
|  35|0x0000000728400000, 0x0000000728400000, 0x0000000728600000|  0%| F|  |TAMS 0x0000000728400000| PB 0x0000000728400000| Untracked |  0
|  36|0x0000000728600000, 0x0000000728600000, 0x0000000728800000|  0%| F|  |TAMS 0x0000000728600000| PB 0x0000000728600000| Untracked |  0
|  37|0x0000000728800000, 0x0000000728800000, 0x0000000728a00000|  0%| F|  |TAMS 0x0000000728800000| PB 0x0000000728800000| Untracked |  0
|  38|0x0000000728a00000, 0x0000000728a00000, 0x0000000728c00000|  0%| F|  |TAMS 0x0000000728a00000| PB 0x0000000728a00000| Untracked |  0
|  39|0x0000000728c00000, 0x0000000728c00000, 0x0000000728e00000|  0%| F|  |TAMS 0x0000000728c00000| PB 0x0000000728c00000| Untracked |  0
|  40|0x0000000728e00000, 0x0000000728e00000, 0x0000000729000000|  0%| F|  |TAMS 0x0000000728e00000| PB 0x0000000728e00000| Untracked |  0
|  41|0x0000000729000000, 0x0000000729000000, 0x0000000729200000|  0%| F|  |TAMS 0x0000000729000000| PB 0x0000000729000000| Untracked |  0
|  42|0x0000000729200000, 0x0000000729200000, 0x0000000729400000|  0%| F|  |TAMS 0x0000000729200000| PB 0x0000000729200000| Untracked |  0
|  43|0x0000000729400000, 0x0000000729400000, 0x0000000729600000|  0%| F|  |TAMS 0x0000000729400000| PB 0x0000000729400000| Untracked |  0
|  44|0x0000000729600000, 0x0000000729600000, 0x0000000729800000|  0%| F|  |TAMS 0x0000000729600000| PB 0x0000000729600000| Untracked |  0
|  45|0x0000000729800000, 0x0000000729800000, 0x0000000729a00000|  0%| F|  |TAMS 0x0000000729800000| PB 0x0000000729800000| Untracked |  0
|  46|0x0000000729a00000, 0x0000000729a00000, 0x0000000729c00000|  0%| F|  |TAMS 0x0000000729a00000| PB 0x0000000729a00000| Untracked |  0
|  47|0x0000000729c00000, 0x0000000729c00000, 0x0000000729e00000|  0%| F|  |TAMS 0x0000000729c00000| PB 0x0000000729c00000| Untracked |  0
|  48|0x0000000729e00000, 0x0000000729e00000, 0x000000072a000000|  0%| F|  |TAMS 0x0000000729e00000| PB 0x0000000729e00000| Untracked |  0
|  49|0x000000072a000000, 0x000000072a000000, 0x000000072a200000|  0%| F|  |TAMS 0x000000072a000000| PB 0x000000072a000000| Untracked |  0
|  50|0x000000072a200000, 0x000000072a200000, 0x000000072a400000|  0%| F|  |TAMS 0x000000072a200000| PB 0x000000072a200000| Untracked |  0
|  51|0x000000072a400000, 0x000000072a400000, 0x000000072a600000|  0%| F|  |TAMS 0x000000072a400000| PB 0x000000072a400000| Untracked |  0
|  52|0x000000072a600000, 0x000000072a600000, 0x000000072a800000|  0%| F|  |TAMS 0x000000072a600000| PB 0x000000072a600000| Untracked |  0
|  53|0x000000072a800000, 0x000000072a800000, 0x000000072aa00000|  0%| F|  |TAMS 0x000000072a800000| PB 0x000000072a800000| Untracked |  0
|  54|0x000000072aa00000, 0x000000072aa00000, 0x000000072ac00000|  0%| F|  |TAMS 0x000000072aa00000| PB 0x000000072aa00000| Untracked |  0
|  55|0x000000072ac00000, 0x000000072ac00000, 0x000000072ae00000|  0%| F|  |TAMS 0x000000072ac00000| PB 0x000000072ac00000| Untracked |  0
|  56|0x000000072ae00000, 0x000000072ae00000, 0x000000072b000000|  0%| F|  |TAMS 0x000000072ae00000| PB 0x000000072ae00000| Untracked |  0
|  57|0x000000072b000000, 0x000000072b08ccf8, 0x000000072b200000| 27%| E|  |TAMS 0x000000072b000000| PB 0x000000072b000000| Complete |  0
|  58|0x000000072b200000, 0x000000072b400000, 0x000000072b400000|100%| E|CS|TAMS 0x000000072b200000| PB 0x000000072b200000| Complete |  0
|  59|0x000000072b400000, 0x000000072b600000, 0x000000072b600000|100%| E|CS|TAMS 0x000000072b400000| PB 0x000000072b400000| Complete |  0

Card table byte_map: [0x000001fce1a50000,0x000001fce2140000] _byte_map_base: 0x000001fcde131000

Marking Bits: (CMBitMap*) 0x000001fcda270890
 Bits: [0x000001fce2140000, 0x000001fce5848000)

Polling page: 0x000001fcd8180000

Metaspace:

Usage:
  Non-class:     78.46 MB used.
      Class:     12.47 MB used.
       Both:     90.93 MB used.

Virtual space:
  Non-class space:      128.00 MB reserved,      79.19 MB ( 62%) committed,  2 nodes.
      Class space:        1.00 GB reserved,      12.88 MB (  1%) committed,  1 nodes.
             Both:        1.12 GB reserved,      92.06 MB (  8%) committed. 

Chunk freelists:
   Non-Class:  508.00 KB
       Class:  3.19 MB
        Both:  3.69 MB

MaxMetaspaceSize: unlimited
CompressedClassSpaceSize: 1.00 GB
Initial GC threshold: 21.00 MB
Current GC threshold: 153.69 MB
CDS: off
 - commit_granule_bytes: 65536.
 - commit_granule_words: 8192.
 - virtual_space_node_default_size: 8388608.
 - enlarge_chunks_in_place: 1.
 - use_allocation_guard: 0.


Internal statistics:

num_allocs_failed_limit: 9.
num_arena_births: 2248.
num_arena_deaths: 1292.
num_vsnodes_births: 3.
num_vsnodes_deaths: 0.
num_space_committed: 1483.
num_space_uncommitted: 10.
num_chunks_returned_to_freelist: 1694.
num_chunks_taken_from_freelist: 5612.
num_chunk_merges: 316.
num_chunk_splits: 3512.
num_chunks_enlarged: 2830.
num_inconsistent_stats: 0.

CodeCache: size=49152Kb used=19061Kb max_used=24817Kb free=30090Kb
 bounds [0x000001fcddcf0000, 0x000001fcdf5d0000, 0x000001fce0cf0000]
 total_blobs=8815 nmethods=7947 adapters=788
 compilation: enabled
              stopped_count=0, restarted_count=0
 full_count=0

Compilation events (20 events):
Event: 3945.483 Thread 0x000001fcefaf3a90 nmethod 22353 0x000001fcde1ffe90 code [0x000001fcde200040, 0x000001fcde2001a0]
Event: 3945.483 Thread 0x000001fcefaf77e0 nmethod 22354 0x000001fcde6d0910 code [0x000001fcde6d0b00, 0x000001fcde6d0e28]
Event: 3945.484 Thread 0x000001fcefaf2cf0 22355       1       sun.security.ec.point.ProjectivePoint$Mutable::<init> (8 bytes)
Event: 3945.484 Thread 0x000001fcefaf2cf0 nmethod 22355 0x000001fcde05e110 code [0x000001fcde05e2a0, 0x000001fcde05e490]
Event: 3945.574 Thread 0x000001fcefaf4160 22356       1       java.net.DelegatingSocketImpl::getOption (9 bytes)
Event: 3945.574 Thread 0x000001fcefaf3a90 22357   !   1       sun.nio.ch.NioSocketImpl::getOption (354 bytes)
Event: 3945.574 Thread 0x000001fcefaf4160 nmethod 22356 0x000001fcde491f90 code [0x000001fcde492120, 0x000001fcde492228]
Event: 3945.575 Thread 0x000001fcefaf3a90 nmethod 22357 0x000001fcde9b8b90 code [0x000001fcde9b8f20, 0x000001fcde9ba2d8]
Event: 3945.575 Thread 0x000001fcefaf2cf0 22359       1       sun.security.ssl.SSLExtension::values (10 bytes)
Event: 3945.575 Thread 0x000001fcefaf2cf0 nmethod 22359 0x000001fcde109610 code [0x000001fcde1097c0, 0x000001fcde1098c8]
Event: 3945.578 Thread 0x000001fcefaf33c0 22360       1       sun.security.ec.point.ProjectivePoint$Mutable::setValue (63 bytes)
Event: 3945.579 Thread 0x000001fcefaf33c0 nmethod 22360 0x000001fcde9a5090 code [0x000001fcde9a5280, 0x000001fcde9a56a8]
Event: 3945.580 Thread 0x000001fcefaf2cf0 22361       1       java.security.MessageDigest::reset (10 bytes)
Event: 3945.580 Thread 0x000001fce8980b00 22362       1       java.security.MessageDigest$Delegate::engineReset (8 bytes)
Event: 3945.580 Thread 0x000001fcefaf3a90 22363       1       sun.security.provider.DigestBase::engineReset (33 bytes)
Event: 3945.580 Thread 0x000001fce8980b00 nmethod 22362 0x000001fcde4a1410 code [0x000001fcde4a15a0, 0x000001fcde4a16a0]
Event: 3945.580 Thread 0x000001fcefaf2cf0 nmethod 22361 0x000001fcde162410 code [0x000001fcde1625a0, 0x000001fcde1626a8]
Event: 3945.580 Thread 0x000001fcefaf3a90 nmethod 22363 0x000001fcde0e4810 code [0x000001fcde0e49c0, 0x000001fcde0e4b48]
Event: 3945.623 Thread 0x000001fcefaf4160 22364       1       sun.security.util.math.intpoly.IntegerPolynomial::evaluate (46 bytes)
Event: 3945.623 Thread 0x000001fcefaf4160 nmethod 22364 0x000001fcde4c3990 code [0x000001fcde4c3b60, 0x000001fcde4c3d68]

GC Heap History (20 events):
Event: 3178.778 GC heap before
{Heap before GC invocations=79 (full 5):
 garbage-first heap   total reserved 3606528K, committed 116736K, used 94833K [0x0000000723e00000, 0x0000000800000000)
  region size 2048K, 30 young (61440K), 4 survivors (8192K)
 Metaspace       used 93557K, committed 94400K, reserved 1179648K
  class space    used 12818K, committed 13184K, reserved 1048576K
}
Event: 3178.785 GC heap after
{Heap after GC invocations=80 (full 5):
 garbage-first heap   total reserved 3606528K, committed 116736K, used 42124K [0x0000000723e00000, 0x0000000800000000)
  region size 2048K, 1 young (2048K), 1 survivors (2048K)
 Metaspace       used 93557K, committed 94400K, reserved 1179648K
  class space    used 12818K, committed 13184K, reserved 1048576K
}
Event: 3258.004 GC heap before
{Heap before GC invocations=81 (full 5):
 garbage-first heap   total reserved 3606528K, committed 116736K, used 99468K [0x0000000723e00000, 0x0000000800000000)
  region size 2048K, 29 young (59392K), 1 survivors (2048K)
 Metaspace       used 93396K, committed 94400K, reserved 1179648K
  class space    used 12778K, committed 13184K, reserved 1048576K
}
Event: 3258.006 GC heap after
{Heap after GC invocations=82 (full 5):
 garbage-first heap   total reserved 3606528K, committed 141312K, used 41338K [0x0000000723e00000, 0x0000000800000000)
  region size 2048K, 1 young (2048K), 1 survivors (2048K)
 Metaspace       used 93396K, committed 94400K, reserved 1179648K
  class space    used 12778K, committed 13184K, reserved 1048576K
}
Event: 3368.148 GC heap before
{Heap before GC invocations=82 (full 5):
 garbage-first heap   total reserved 3606528K, committed 141312K, used 121210K [0x0000000723e00000, 0x0000000800000000)
  region size 2048K, 40 young (81920K), 1 survivors (2048K)
 Metaspace       used 93396K, committed 94400K, reserved 1179648K
  class space    used 12778K, committed 13184K, reserved 1048576K
}
Event: 3368.150 GC heap after
{Heap after GC invocations=83 (full 5):
 garbage-first heap   total reserved 3606528K, committed 141312K, used 39248K [0x0000000723e00000, 0x0000000800000000)
  region size 2048K, 1 young (2048K), 1 survivors (2048K)
 Metaspace       used 93396K, committed 94400K, reserved 1179648K
  class space    used 12778K, committed 13184K, reserved 1048576K
}
Event: 3482.034 GC heap before
{Heap before GC invocations=83 (full 5):
 garbage-first heap   total reserved 3606528K, committed 141312K, used 121168K [0x0000000723e00000, 0x0000000800000000)
  region size 2048K, 41 young (83968K), 1 survivors (2048K)
 Metaspace       used 93396K, committed 94400K, reserved 1179648K
  class space    used 12778K, committed 13184K, reserved 1048576K
}
Event: 3482.036 GC heap after
{Heap after GC invocations=84 (full 5):
 garbage-first heap   total reserved 3606528K, committed 141312K, used 39186K [0x0000000723e00000, 0x0000000800000000)
  region size 2048K, 1 young (2048K), 1 survivors (2048K)
 Metaspace       used 93396K, committed 94400K, reserved 1179648K
  class space    used 12778K, committed 13184K, reserved 1048576K
}
Event: 3596.614 GC heap before
{Heap before GC invocations=85 (full 5):
 garbage-first heap   total reserved 3606528K, committed 141312K, used 121106K [0x0000000723e00000, 0x0000000800000000)
  region size 2048K, 41 young (83968K), 1 survivors (2048K)
 Metaspace       used 92615K, committed 94272K, reserved 1179648K
  class space    used 12683K, committed 13184K, reserved 1048576K
}
Event: 3596.616 GC heap after
{Heap after GC invocations=86 (full 5):
 garbage-first heap   total reserved 3606528K, committed 141312K, used 39101K [0x0000000723e00000, 0x0000000800000000)
  region size 2048K, 1 young (2048K), 1 survivors (2048K)
 Metaspace       used 92615K, committed 94272K, reserved 1179648K
  class space    used 12683K, committed 13184K, reserved 1048576K
}
Event: 3710.005 GC heap before
{Heap before GC invocations=86 (full 5):
 garbage-first heap   total reserved 3606528K, committed 141312K, used 121021K [0x0000000723e00000, 0x0000000800000000)
  region size 2048K, 41 young (83968K), 1 survivors (2048K)
 Metaspace       used 92615K, committed 94272K, reserved 1179648K
  class space    used 12683K, committed 13184K, reserved 1048576K
}
Event: 3710.007 GC heap after
{Heap after GC invocations=87 (full 5):
 garbage-first heap   total reserved 3606528K, committed 141312K, used 38586K [0x0000000723e00000, 0x0000000800000000)
  region size 2048K, 1 young (2048K), 1 survivors (2048K)
 Metaspace       used 92615K, committed 94272K, reserved 1179648K
  class space    used 12683K, committed 13184K, reserved 1048576K
}
Event: 3823.439 GC heap before
{Heap before GC invocations=87 (full 5):
 garbage-first heap   total reserved 3606528K, committed 141312K, used 120506K [0x0000000723e00000, 0x0000000800000000)
  region size 2048K, 41 young (83968K), 1 survivors (2048K)
 Metaspace       used 92615K, committed 94272K, reserved 1179648K
  class space    used 12683K, committed 13184K, reserved 1048576K
}
Event: 3823.441 GC heap after
{Heap after GC invocations=88 (full 5):
 garbage-first heap   total reserved 3606528K, committed 141312K, used 38579K [0x0000000723e00000, 0x0000000800000000)
  region size 2048K, 1 young (2048K), 1 survivors (2048K)
 Metaspace       used 92615K, committed 94272K, reserved 1179648K
  class space    used 12683K, committed 13184K, reserved 1048576K
}
Event: 3936.337 GC heap before
{Heap before GC invocations=89 (full 5):
 garbage-first heap   total reserved 3606528K, committed 141312K, used 120499K [0x0000000723e00000, 0x0000000800000000)
  region size 2048K, 41 young (83968K), 1 survivors (2048K)
 Metaspace       used 92615K, committed 94272K, reserved 1179648K
  class space    used 12683K, committed 13184K, reserved 1048576K
}
Event: 3936.339 GC heap after
{Heap after GC invocations=90 (full 5):
 garbage-first heap   total reserved 3606528K, committed 141312K, used 38533K [0x0000000723e00000, 0x0000000800000000)
  region size 2048K, 1 young (2048K), 1 survivors (2048K)
 Metaspace       used 92615K, committed 94272K, reserved 1179648K
  class space    used 12683K, committed 13184K, reserved 1048576K
}
Event: 3944.549 GC heap before
{Heap before GC invocations=90 (full 5):
 garbage-first heap   total reserved 3606528K, committed 141312K, used 46725K [0x0000000723e00000, 0x0000000800000000)
  region size 2048K, 6 young (12288K), 1 survivors (2048K)
 Metaspace       used 92633K, committed 94272K, reserved 1179648K
  class space    used 12687K, committed 13184K, reserved 1048576K
}
Event: 3944.607 GC heap after
{Heap after GC invocations=91 (full 6):
 garbage-first heap   total reserved 3606528K, committed 122880K, used 29673K [0x0000000723e00000, 0x0000000800000000)
  region size 2048K, 0 young (0K), 0 survivors (0K)
 Metaspace       used 92622K, committed 94272K, reserved 1179648K
  class space    used 12684K, committed 13184K, reserved 1048576K
}
Event: 3945.210 GC heap before
{Heap before GC invocations=91 (full 6):
 garbage-first heap   total reserved 3606528K, committed 122880K, used 101353K [0x0000000723e00000, 0x0000000800000000)
  region size 2048K, 36 young (73728K), 0 survivors (0K)
 Metaspace       used 93082K, committed 94272K, reserved 1179648K
  class space    used 12763K, committed 13184K, reserved 1048576K
}
Event: 3945.215 GC heap after
{Heap after GC invocations=92 (full 6):
 garbage-first heap   total reserved 3606528K, committed 122880K, used 36073K [0x0000000723e00000, 0x0000000800000000)
  region size 2048K, 4 young (8192K), 4 survivors (8192K)
 Metaspace       used 93082K, committed 94272K, reserved 1179648K
  class space    used 12763K, committed 13184K, reserved 1048576K
}

Dll operation events (12 events):
Event: 0.011 Loaded shared library C:\Users\Mun\.p2\pool\plugins\org.eclipse.justj.openjdk.hotspot.jre.full.win32.x86_64_22.0.2.v20240802-1626\jre\bin\java.dll
Event: 0.017 Loaded shared library C:\Users\Mun\.p2\pool\plugins\org.eclipse.justj.openjdk.hotspot.jre.full.win32.x86_64_22.0.2.v20240802-1626\jre\bin\zip.dll
Event: 0.311 Loaded shared library C:\Users\Mun\.p2\pool\plugins\org.eclipse.justj.openjdk.hotspot.jre.full.win32.x86_64_22.0.2.v20240802-1626\jre\bin\instrument.dll
Event: 0.325 Loaded shared library C:\Users\Mun\.p2\pool\plugins\org.eclipse.justj.openjdk.hotspot.jre.full.win32.x86_64_22.0.2.v20240802-1626\jre\bin\net.dll
Event: 0.327 Loaded shared library C:\Users\Mun\.p2\pool\plugins\org.eclipse.justj.openjdk.hotspot.jre.full.win32.x86_64_22.0.2.v20240802-1626\jre\bin\nio.dll
Event: 0.337 Loaded shared library C:\Users\Mun\.p2\pool\plugins\org.eclipse.justj.openjdk.hotspot.jre.full.win32.x86_64_22.0.2.v20240802-1626\jre\bin\zip.dll
Event: 0.496 Loaded shared library C:\Users\Mun\.p2\pool\plugins\org.eclipse.justj.openjdk.hotspot.jre.full.win32.x86_64_22.0.2.v20240802-1626\jre\bin\jimage.dll
Event: 0.550 Loaded shared library C:\Users\Mun\.p2\pool\plugins\org.eclipse.justj.openjdk.hotspot.jre.full.win32.x86_64_22.0.2.v20240802-1626\jre\bin\management.dll
Event: 0.561 Loaded shared library C:\Users\Mun\.p2\pool\plugins\org.eclipse.justj.openjdk.hotspot.jre.full.win32.x86_64_22.0.2.v20240802-1626\jre\bin\management_ext.dll
Event: 0.780 Loaded shared library C:\Users\Mun\.p2\pool\plugins\org.eclipse.justj.openjdk.hotspot.jre.full.win32.x86_64_22.0.2.v20240802-1626\jre\bin\extnet.dll
Event: 0.809 Loaded shared library C:\Users\Mun\.p2\pool\plugins\org.eclipse.justj.openjdk.hotspot.jre.full.win32.x86_64_22.0.2.v20240802-1626\jre\bin\verify.dll
Event: 2.147 Loaded shared library C:\Users\Mun\.p2\pool\plugins\org.eclipse.justj.openjdk.hotspot.jre.full.win32.x86_64_22.0.2.v20240802-1626\jre\bin\sunmscapi.dll

Deoptimization events (20 events):
Event: 3945.173 Thread 0x000001fcedccbe40 DEOPT PACKING pc=0x000001fcde2849cc sp=0x000000bff68f4920
Event: 3945.173 Thread 0x000001fcedccbe40 DEOPT UNPACKING pc=0x000001fcddd488e2 sp=0x000000bff68f3ed0 mode 1
Event: 3945.173 Thread 0x000001fcedccbe40 DEOPT PACKING pc=0x000001fcde29f8fc sp=0x000000bff68f4a90
Event: 3945.173 Thread 0x000001fcedccbe40 DEOPT UNPACKING pc=0x000001fcddd488e2 sp=0x000000bff68f4050 mode 1
Event: 3945.174 Thread 0x000001fcedccbe40 DEOPT PACKING pc=0x000001fcde2a126c sp=0x000000bff68f4cf0
Event: 3945.174 Thread 0x000001fcedccbe40 DEOPT UNPACKING pc=0x000001fcddd488e2 sp=0x000000bff68f4228 mode 1
Event: 3945.174 Thread 0x000001fcedccbe40 DEOPT PACKING pc=0x000001fcde2849cc sp=0x000000bff68f4de0
Event: 3945.174 Thread 0x000001fcedccbe40 DEOPT UNPACKING pc=0x000001fcddd488e2 sp=0x000000bff68f4390 mode 1
Event: 3945.174 Thread 0x000001fcedccbe40 DEOPT PACKING pc=0x000001fcde29f8fc sp=0x000000bff68f4f50
Event: 3945.174 Thread 0x000001fcedccbe40 DEOPT UNPACKING pc=0x000001fcddd488e2 sp=0x000000bff68f4510 mode 1
Event: 3945.174 Thread 0x000001fcedccbe40 DEOPT PACKING pc=0x000001fcdecff52c sp=0x000000bff68f6a90
Event: 3945.174 Thread 0x000001fcedccbe40 DEOPT UNPACKING pc=0x000001fcddd488e2 sp=0x000000bff68f60d8 mode 1
Event: 3945.174 Thread 0x000001fcedccbe40 DEOPT PACKING pc=0x000001fcddf226e4 sp=0x000000bff68f6ca0
Event: 3945.174 Thread 0x000001fcedccbe40 DEOPT UNPACKING pc=0x000001fcddd488e2 sp=0x000000bff68f6320 mode 1
Event: 3945.174 Thread 0x000001fcedccbe40 DEOPT PACKING pc=0x000001fcdecff52c sp=0x000000bff68f6a90
Event: 3945.174 Thread 0x000001fcedccbe40 DEOPT UNPACKING pc=0x000001fcddd488e2 sp=0x000000bff68f60d8 mode 1
Event: 3945.174 Thread 0x000001fcedccbe40 DEOPT PACKING pc=0x000001fcddf226e4 sp=0x000000bff68f6ca0
Event: 3945.174 Thread 0x000001fcedccbe40 DEOPT UNPACKING pc=0x000001fcddd488e2 sp=0x000000bff68f6320 mode 1
Event: 3957.262 Thread 0x000001fcedccbe40 DEOPT PACKING pc=0x000001fcde147cfc sp=0x000000bff68f70f0
Event: 3957.262 Thread 0x000001fcedccbe40 DEOPT UNPACKING pc=0x000001fcddd488e2 sp=0x000000bff68f65a8 mode 0

Classes loaded (20 events):
Event: 3102.744 Loading class java/lang/ObjectCustomizer
Event: 3102.744 Loading class java/lang/ObjectCustomizer done
Event: 3102.744 Loading class java/lang/ObjectCustomizer
Event: 3102.744 Loading class java/lang/ObjectCustomizer done
Event: 3104.623 Loading class sun/reflect/ReflectionFactory
Event: 3104.623 Loading class sun/reflect/ReflectionFactory done
Event: 3104.623 Loading class sun/reflect/ReflectionFactory$1
Event: 3104.623 Loading class sun/reflect/ReflectionFactory$1 done
Event: 3104.623 Loading class java/io/OptionalDataException
Event: 3104.623 Loading class java/io/OptionalDataException done
Event: 3104.644 Loading class java/time/DurationEditor
Event: 3104.644 Loading class java/time/DurationEditor done
Event: 3944.653 Loading class java/lang/ObjectBeanInfo
Event: 3944.653 Loading class java/lang/ObjectBeanInfo done
Event: 3944.653 Loading class java/lang/ObjectBeanInfo
Event: 3944.653 Loading class java/lang/ObjectBeanInfo done
Event: 3944.653 Loading class java/lang/ObjectCustomizer
Event: 3944.653 Loading class java/lang/ObjectCustomizer done
Event: 3944.653 Loading class java/lang/ObjectCustomizer
Event: 3944.653 Loading class java/lang/ObjectCustomizer done

Classes unloaded (20 events):
Event: 3482.063 Thread 0x000001fce88def10 Unloading class 0x0000000086cb8000 'vn/iotstar/controller/user/homeController'
Event: 3482.063 Thread 0x000001fce88def10 Unloading class 0x0000000086cbacc0 'vn/iotstar/controller/user/cartController'
Event: 3482.063 Thread 0x000001fce88def10 Unloading class 0x0000000086cbaab0 'vn/iotstar/controller/JwtController'
Event: 3482.063 Thread 0x000001fce88def10 Unloading class 0x0000000086cba878 'vn/iotstar/controller/ForgotPasswordController'
Event: 3482.063 Thread 0x000001fce88def10 Unloading class 0x0000000086cba640 'vn/iotstar/controller/AuthController'
Event: 3482.063 Thread 0x000001fce88def10 Unloading class 0x0000000086cba438 'vn/iotstar/controller/admin/homeAdminController'
Event: 3482.063 Thread 0x000001fce88def10 Unloading class 0x0000000086cba220 'vn/iotstar/controller/admin/CategoryRestController'
Event: 3482.063 Thread 0x000001fce88def10 Unloading class 0x0000000086cba000 'vn/iotstar/controller/admin/AdminProductController'
Event: 3482.063 Thread 0x000001fce88def10 Unloading class 0x0000000086604438 'vn/iotstar/controller/admin/AdminCategoryController'
Event: 3482.063 Thread 0x000001fce88def10 Unloading class 0x0000000086604228 'vn/iotstar/controller/AccountController'
Event: 3482.063 Thread 0x000001fce88def10 Unloading class 0x0000000086604000 'vn/iotstar/config/UserInfoService'
Event: 3482.063 Thread 0x000001fce88def10 Unloading class 0x0000000086cc4d68 'vn/iotstar/config/SecurityConfig'
Event: 3482.063 Thread 0x000001fce88def10 Unloading class 0x0000000086cc4a00 'vn/iotstar/config/JwtRequestFilter'
Event: 3482.063 Thread 0x000001fce88def10 Unloading class 0x0000000086cc4800 'vn/iotstar/DemoApplication'
Event: 3944.560 Thread 0x000001fce88def10 Unloading class 0x0000000086cdfc00 'java/lang/invoke/LambdaForm$MH+0x0000000086cdfc00'
Event: 3944.560 Thread 0x000001fce88def10 Unloading class 0x0000000086c82000 'java/lang/invoke/LambdaForm$MH+0x0000000086c82000'
Event: 3944.560 Thread 0x000001fce88def10 Unloading class 0x0000000086a98000 'java/lang/invoke/LambdaForm$DMH+0x0000000086a98000'
Event: 3944.560 Thread 0x000001fce88def10 Unloading class 0x00000000861b1400 'java/lang/invoke/LambdaForm$MH+0x00000000861b1400'
Event: 3944.560 Thread 0x000001fce88def10 Unloading class 0x0000000086000400 'java/lang/invoke/LambdaForm$MH+0x0000000086000400'
Event: 3944.560 Thread 0x000001fce88def10 Unloading class 0x0000000086535800 'java/lang/invoke/LambdaForm$MH+0x0000000086535800'

Classes redefined (14 events):
Event: 283.661 Thread 0x000001fce88def10 redefined class name=vn.iotstar.entity.AddressShop, count=1
Event: 290.687 Thread 0x000001fce88def10 redefined class name=vn.iotstar.entity.IdentificationInfo, count=1
Event: 290.687 Thread 0x000001fce88def10 redefined class name=vn.iotstar.entity.IdentificationInfo, count=1
Event: 1907.145 Thread 0x000001fce88def10 redefined class name=vn.iotstar.entity.IdentificationInfo, count=2
Event: 1907.145 Thread 0x000001fce88def10 redefined class name=vn.iotstar.entity.IdentificationInfo, count=1
Event: 1907.145 Thread 0x000001fce88def10 redefined class name=vn.iotstar.entity.IdentificationInfo, count=2
Event: 1925.137 Thread 0x000001fce88def10 redefined class name=vn.iotstar.entity.AddressShop, count=1
Event: 1925.137 Thread 0x000001fce88def10 redefined class name=vn.iotstar.entity.AddressShop, count=1
Event: 1925.137 Thread 0x000001fce88def10 redefined class name=vn.iotstar.entity.AddressShop, count=1
Event: 1925.137 Thread 0x000001fce88def10 redefined class name=vn.iotstar.entity.AddressShop, count=2
Event: 3100.989 Thread 0x000001fce88def10 redefined class name=vn.iotstar.service.vendor.Imp.VendorRegisterServiceImp, count=1
Event: 3100.989 Thread 0x000001fce88def10 redefined class name=vn.iotstar.service.vendor.Imp.VendorRegisterServiceImp, count=1
Event: 3100.989 Thread 0x000001fce88def10 redefined class name=vn.iotstar.service.vendor.Imp.VendorRegisterServiceImp, count=1
Event: 3100.989 Thread 0x000001fce88def10 redefined class name=vn.iotstar.service.vendor.Imp.VendorRegisterServiceImp, count=1

Internal exceptions (20 events):
Event: 3944.542 Thread 0x000001fcedcc8330 Exception <a 'java/io/IOException'{0x000000072bea5b98}> (0x000000072bea5b98) 
thrown [s\src\hotspot\share\prims\jni.cpp, line 520]
Event: 3944.542 Thread 0x000001fcedcc8330 Exception <a 'java/io/IOException'{0x000000072bea6b10}> (0x000000072bea6b10) 
thrown [s\src\hotspot\share\prims\jni.cpp, line 520]
Event: 3944.548 Thread 0x000001fcf56997e0 Exception <a 'java/lang/InterruptedException'{0x000000072beecc88}: sleep interrupted> (0x000000072beecc88) 
thrown [s\src\hotspot\share\prims\jvm.cpp, line 3093]
Event: 3944.620 Thread 0x000001fcedccbe40 Exception <a 'sun/nio/fs/WindowsException'{0x000000072b4cf5f8}> (0x000000072b4cf5f8) 
thrown [s\src\hotspot\share\prims\jni.cpp, line 520]
Event: 3944.653 Thread 0x000001fcedccbe40 Exception <a 'java/lang/ClassNotFoundException'{0x000000072b011c50}: org/springframework/beans/factory/groovy/GroovyBeanDefinitionReaderBeanInfo> (0x000000072b011c50) 
thrown [s\src\hotspot\share\classfile\systemDictionary.cpp, line 313]
Event: 3944.653 Thread 0x000001fcedccbe40 Exception <a 'java/lang/ClassNotFoundException'{0x000000072b017060}: org/springframework/beans/factory/support/AbstractBeanDefinitionReaderBeanInfo> (0x000000072b017060) 
thrown [s\src\hotspot\share\classfile\systemDictionary.cpp, line 313]
Event: 3944.653 Thread 0x000001fcedccbe40 Exception <a 'java/lang/ClassNotFoundException'{0x000000072b018738}: java/lang/ObjectBeanInfo> (0x000000072b018738) 
thrown [s\src\hotspot\share\classfile\systemDictionary.cpp, line 313]
Event: 3944.653 Thread 0x000001fcedccbe40 Exception <a 'java/lang/ClassNotFoundException'{0x000000072b019e00}: java/lang/ObjectCustomizer> (0x000000072b019e00) 
thrown [s\src\hotspot\share\classfile\systemDictionary.cpp, line 313]
Event: 3944.654 Thread 0x000001fcedccbe40 Exception <a 'java/lang/ClassNotFoundException'{0x000000072b024260}: org/springframework/beans/factory/support/AbstractBeanDefinitionReaderCustomizer> (0x000000072b024260) 
thrown [s\src\hotspot\share\classfile\systemDictionary.cpp, line 313]
Event: 3944.655 Thread 0x000001fcedccbe40 Exception <a 'java/lang/ClassNotFoundException'{0x000000072b0368c0}: org/springframework/beans/factory/groovy/GroovyBeanDefinitionReaderCustomizer> (0x000000072b0368c0) 
thrown [s\src\hotspot\share\classfile\systemDictionary.cpp, line 313]
Event: 3944.942 Thread 0x000001fcedccbe40 Exception <a 'java/lang/NoClassDefFoundError'{0x0000000729050308}: org/flywaydb/core/Flyway> (0x0000000729050308) 
thrown [s\src\hotspot\share\oops\constantPool.cpp, line 872]
Event: 3944.944 Thread 0x000001fcedccbe40 Exception <a 'java/lang/NoClassDefFoundError'{0x0000000729050968}: liquibase/integration/spring/SpringLiquibase> (0x0000000729050968) 
thrown [s\src\hotspot\share\oops\constantPool.cpp, line 872]
Event: 3944.949 Thread 0x000001fcedccbe40 Exception <a 'java/lang/NoClassDefFoundError'{0x00000007290ef908}: org/jooq/DSLContext> (0x00000007290ef908) 
thrown [s\src\hotspot\share\oops\constantPool.cpp, line 872]
Event: 3944.951 Thread 0x000001fcedccbe40 Exception <a 'java/lang/NoClassDefFoundError'{0x0000000729100e68}: org/springframework/batch/core/repository/JobRepository> (0x0000000729100e68) 
thrown [s\src\hotspot\share\oops\constantPool.cpp, line 872]
Event: 3944.951 Thread 0x000001fcedccbe40 Exception <a 'java/lang/NoClassDefFoundError'{0x00000007291014c0}: org/quartz/Scheduler> (0x00000007291014c0) 
thrown [s\src\hotspot\share\oops\constantPool.cpp, line 872]
Event: 3944.952 Thread 0x000001fcedccbe40 Exception <a 'java/lang/NoClassDefFoundError'{0x0000000729101b40}: org/springframework/session/jdbc/JdbcIndexedSessionRepository> (0x0000000729101b40) 
thrown [s\src\hotspot\share\oops\constantPool.cpp, line 872]
Event: 3944.961 Thread 0x000001fcedccbe40 Exception <a 'java/lang/NoSuchMethodError'{0x0000000728e0ef98}: 'void java.lang.invoke.DelegatingMethodHandle$Holder.reinvoke_L(java.lang.Object, java.lang.Object, int)'> (0x0000000728e0ef98) 
thrown [s\src\hotspot\share\interpreter\linkResolver.cpp, line 774]
Event: 3945.004 Thread 0x000001fcedccbe40 Exception <a 'java/lang/NoSuchMethodError'{0x00000007289a3830}: 'int java.lang.invoke.DirectMethodHandle$Holder.invokeVirtual(java.lang.Object, java.lang.Object, java.lang.Object, java.lang.Object)'> (0x00000007289a3830) 
thrown [s\src\hotspot\share\interpreter\linkResolver.cpp, line 774]
Event: 3945.004 Thread 0x000001fcedccbe40 Exception <a 'java/lang/NoSuchMethodError'{0x00000007289a6e18}: 'int java.lang.invoke.DelegatingMethodHandle$Holder.reinvoke_L(java.lang.Object, java.lang.Object, java.lang.Object, java.lang.Object)'> (0x00000007289a6e18) 
thrown [s\src\hotspot\share\interpreter\linkResolver.cpp, line 774]
Event: 3945.055 Thread 0x000001fcedccbe40 Exception <a 'java/io/FileNotFoundException'{0x00000007286063e8}> (0x00000007286063e8) 
thrown [s\src\hotspot\share\prims\jni.cpp, line 520]

ZGC Phase Switch (0 events):
No events

VM Operations (20 events):
Event: 3957.848 Executing VM operation: get/set locals done
Event: 3957.849 Executing VM operation: get/set locals
Event: 3957.849 Executing VM operation: get/set locals done
Event: 3957.850 Executing VM operation: get/set locals
Event: 3957.850 Executing VM operation: get/set locals done
Event: 3957.851 Executing VM operation: get/set locals
Event: 3957.851 Executing VM operation: get/set locals done
Event: 3957.851 Executing VM operation: get/set locals
Event: 3957.851 Executing VM operation: get/set locals done
Event: 3957.852 Executing VM operation: get/set locals
Event: 3957.852 Executing VM operation: get/set locals done
Event: 3957.853 Executing VM operation: get/set locals
Event: 3957.853 Executing VM operation: get/set locals done
Event: 3957.854 Executing VM operation: get/set locals
Event: 3957.854 Executing VM operation: get/set locals done
Event: 3957.855 Executing VM operation: get/set locals
Event: 3957.855 Executing VM operation: get/set locals done
Event: 3957.856 Executing VM operation: get/set locals
Event: 3957.857 Executing VM operation: get/set locals done
Event: 3960.574 Executing VM operation: GetObjectMonitorUsage

Memory protections (0 events):
No events

Nmethod flushes (20 events):
Event: 3945.293 Thread 0x000001fce88def10 flushing  nmethod 0x000001fcdf252490
Event: 3945.293 Thread 0x000001fce88def10 flushing  nmethod 0x000001fcdf252810
Event: 3945.293 Thread 0x000001fce88def10 flushing  nmethod 0x000001fcdf253290
Event: 3945.293 Thread 0x000001fce88def10 flushing  nmethod 0x000001fcdf253690
Event: 3945.293 Thread 0x000001fce88def10 flushing  nmethod 0x000001fcdf253990
Event: 3945.293 Thread 0x000001fce88def10 flushing  nmethod 0x000001fcdf253c90
Event: 3945.293 Thread 0x000001fce88def10 flushing  nmethod 0x000001fcdf25d690
Event: 3945.293 Thread 0x000001fce88def10 flushing  nmethod 0x000001fcdf25dd10
Event: 3945.293 Thread 0x000001fce88def10 flushing  nmethod 0x000001fcdf25e110
Event: 3945.293 Thread 0x000001fce88def10 flushing  nmethod 0x000001fcdf25e410
Event: 3945.293 Thread 0x000001fce88def10 flushing  nmethod 0x000001fcdf25f010
Event: 3945.293 Thread 0x000001fce88def10 flushing  nmethod 0x000001fcdf25f790
Event: 3945.293 Thread 0x000001fce88def10 flushing  nmethod 0x000001fcdf260110
Event: 3945.293 Thread 0x000001fce88def10 flushing  nmethod 0x000001fcdf260490
Event: 3945.293 Thread 0x000001fce88def10 flushing  nmethod 0x000001fcdf260c10
Event: 3945.293 Thread 0x000001fce88def10 flushing  nmethod 0x000001fcdf260f10
Event: 3945.293 Thread 0x000001fce88def10 flushing  nmethod 0x000001fcdf261610
Event: 3945.293 Thread 0x000001fce88def10 flushing  nmethod 0x000001fcdf261f90
Event: 3945.293 Thread 0x000001fce88def10 flushing  nmethod 0x000001fcdf262510
Event: 3945.293 Thread 0x000001fce88def10 flushing  nmethod 0x000001fcdf277510

Events (20 events):
Event: 3944.540 Thread 0x000001fcf5698430 Thread exited: 0x000001fcf5698430
Event: 3944.544 Thread 0x000001fcedcc8330 Thread exited: 0x000001fcedcc8330
Event: 3944.548 Thread 0x000001fcf56997e0 Thread exited: 0x000001fcf56997e0
Event: 3944.549 Thread 0x000001fcf5699150 Thread exited: 0x000001fcf5699150
Event: 3944.607 Thread 0x000001fcf569b8b0 Thread exited: 0x000001fcf569b8b0
Event: 3944.608 Thread 0x000001fcedcc96e0 Thread added: 0x000001fcedccb120
Event: 3944.608 Thread 0x000001fcedccb120 Thread exited: 0x000001fcedccb120
Event: 3944.608 Thread 0x000001fcedcc96e0 Thread added: 0x000001fcedccbe40
Event: 3944.626 Thread 0x000001fce8980b00 Thread added: 0x000001fcefaf2cf0
Event: 3944.628 Thread 0x000001fcefaf2cf0 Thread added: 0x000001fcefaf33c0
Event: 3944.628 Thread 0x000001fce8980b00 Thread added: 0x000001fcefaf77e0
Event: 3944.628 Thread 0x000001fce8980b00 Thread added: 0x000001fcefaf3a90
Event: 3944.629 Thread 0x000001fcefaf77e0 Thread added: 0x000001fcefaf4160
Event: 3944.699 Thread 0x000001fcedccbe40 Thread added: 0x000001fcedccdf10
Event: 3944.725 Thread 0x000001fcedccdf10 Thread exited: 0x000001fcedccdf10
Event: 3945.119 Thread 0x000001fcedccbe40 Thread added: 0x000001fcedccd880
Event: 3945.233 Thread 0x000001fcedccd880 Thread added: 0x000001fcedccdf10
Event: 3950.634 Thread 0x000001fcefaf4160 Thread exited: 0x000001fcefaf4160
Event: 3950.712 Thread 0x000001fcedccdf10 Thread exited: 0x000001fcedccdf10
Event: 3955.647 Thread 0x000001fcefaf3a90 Thread exited: 0x000001fcefaf3a90


Dynamic libraries:
0x00007ff6df300000 - 0x00007ff6df30e000 	C:\Users\Mun\.p2\pool\plugins\org.eclipse.justj.openjdk.hotspot.jre.full.win32.x86_64_22.0.2.v20240802-1626\jre\bin\javaw.exe
0x00007ff8047b0000 - 0x00007ff8049c7000 	C:\Windows\SYSTEM32\ntdll.dll
0x00007ff8042c0000 - 0x00007ff804384000 	C:\Windows\System32\KERNEL32.DLL
0x00007ff802120000 - 0x00007ff8024d7000 	C:\Windows\System32\KERNELBASE.dll
0x00007ff801d80000 - 0x00007ff801e91000 	C:\Windows\System32\ucrtbase.dll
0x00007fffedd10000 - 0x00007fffedd27000 	C:\Users\Mun\.p2\pool\plugins\org.eclipse.justj.openjdk.hotspot.jre.full.win32.x86_64_22.0.2.v20240802-1626\jre\bin\jli.dll
0x00007ff804110000 - 0x00007ff8042bf000 	C:\Windows\System32\USER32.dll
0x00007fffe6f90000 - 0x00007fffe7223000 	C:\Windows\WinSxS\amd64_microsoft.windows.common-controls_6595b64144ccf1df_6.0.22621.3672_none_2713b9d173822955\COMCTL32.dll
0x00007ff801ac0000 - 0x00007ff801ae6000 	C:\Windows\System32\win32u.dll
0x00007fffe97e0000 - 0x00007fffe97fb000 	C:\Users\Mun\.p2\pool\plugins\org.eclipse.justj.openjdk.hotspot.jre.full.win32.x86_64_22.0.2.v20240802-1626\jre\bin\VCRUNTIME140.dll
0x00007ff8033a0000 - 0x00007ff803447000 	C:\Windows\System32\msvcrt.dll
0x00007ff8032e0000 - 0x00007ff803309000 	C:\Windows\System32\GDI32.dll
0x00007ff801f60000 - 0x00007ff802078000 	C:\Windows\System32\gdi32full.dll
0x00007ff802080000 - 0x00007ff80211a000 	C:\Windows\System32\msvcp_win.dll
0x00007ff8025e0000 - 0x00007ff802611000 	C:\Windows\System32\IMM32.DLL
0x00007fffeb900000 - 0x00007fffeb90c000 	C:\Users\Mun\.p2\pool\plugins\org.eclipse.justj.openjdk.hotspot.jre.full.win32.x86_64_22.0.2.v20240802-1626\jre\bin\vcruntime140_1.dll
0x00007fffd01d0000 - 0x00007fffd025e000 	C:\Users\Mun\.p2\pool\plugins\org.eclipse.justj.openjdk.hotspot.jre.full.win32.x86_64_22.0.2.v20240802-1626\jre\bin\msvcp140.dll
0x00007fffb2f00000 - 0x00007fffb3cc3000 	C:\Users\Mun\.p2\pool\plugins\org.eclipse.justj.openjdk.hotspot.jre.full.win32.x86_64_22.0.2.v20240802-1626\jre\bin\server\jvm.dll
0x00007ff8029b0000 - 0x00007ff802a62000 	C:\Windows\System32\ADVAPI32.dll
0x00007ff803b20000 - 0x00007ff803bc8000 	C:\Windows\System32\sechost.dll
0x00007ff801af0000 - 0x00007ff801b18000 	C:\Windows\System32\bcrypt.dll
0x00007ff803450000 - 0x00007ff803564000 	C:\Windows\System32\RPCRT4.dll
0x00007ff8035e0000 - 0x00007ff803651000 	C:\Windows\System32\WS2_32.dll
0x00007ff800940000 - 0x00007ff80098d000 	C:\Windows\SYSTEM32\POWRPROF.dll
0x00007ffffbb80000 - 0x00007ffffbbb4000 	C:\Windows\SYSTEM32\WINMM.dll
0x00007ffff64c0000 - 0x00007ffff64ca000 	C:\Windows\SYSTEM32\VERSION.dll
0x00007ff800910000 - 0x00007ff800923000 	C:\Windows\SYSTEM32\UMPDC.dll
0x00007ff800bd0000 - 0x00007ff800be8000 	C:\Windows\SYSTEM32\kernel.appcore.dll
0x00007ffff1250000 - 0x00007ffff125a000 	C:\Users\Mun\.p2\pool\plugins\org.eclipse.justj.openjdk.hotspot.jre.full.win32.x86_64_22.0.2.v20240802-1626\jre\bin\jimage.dll
0x00007fffff4b0000 - 0x00007fffff6e2000 	C:\Windows\SYSTEM32\DBGHELP.DLL
0x00007ff803be0000 - 0x00007ff803f6e000 	C:\Windows\System32\combase.dll
0x00007ff803fd0000 - 0x00007ff8040a7000 	C:\Windows\System32\OLEAUT32.dll
0x00007fffd9f50000 - 0x00007fffd9f82000 	C:\Windows\SYSTEM32\dbgcore.DLL
0x00007ff801d00000 - 0x00007ff801d7b000 	C:\Windows\System32\bcryptPrimitives.dll
0x00007ffff0650000 - 0x00007ffff068c000 	C:\Users\Mun\.p2\pool\plugins\org.eclipse.justj.openjdk.hotspot.jre.full.win32.x86_64_22.0.2.v20240802-1626\jre\bin\jdwp.dll
0x00007ffff1240000 - 0x00007ffff124f000 	C:\Users\Mun\.p2\pool\plugins\org.eclipse.justj.openjdk.hotspot.jre.full.win32.x86_64_22.0.2.v20240802-1626\jre\bin\instrument.dll
0x00007fffedb30000 - 0x00007fffedb4e000 	C:\Users\Mun\.p2\pool\plugins\org.eclipse.justj.openjdk.hotspot.jre.full.win32.x86_64_22.0.2.v20240802-1626\jre\bin\java.dll
0x00007ff802a70000 - 0x00007ff8032d9000 	C:\Windows\System32\SHELL32.dll
0x00007ff804390000 - 0x00007ff804535000 	C:\Windows\System32\ole32.dll
0x00007fffed7d0000 - 0x00007fffed7e7000 	C:\Users\Mun\.p2\pool\plugins\org.eclipse.justj.openjdk.hotspot.jre.full.win32.x86_64_22.0.2.v20240802-1626\jre\bin\zip.dll
0x00007fffff6f0000 - 0x00007ffffffef000 	C:\Windows\SYSTEM32\windows.storage.dll
0x00007ff8001b0000 - 0x00007ff8002ef000 	C:\Windows\SYSTEM32\wintypes.dll
0x00007ff8024e0000 - 0x00007ff8025d9000 	C:\Windows\System32\SHCORE.dll
0x00007ff8040b0000 - 0x00007ff80410e000 	C:\Windows\System32\shlwapi.dll
0x00007ff8019f0000 - 0x00007ff801a17000 	C:\Windows\SYSTEM32\profapi.dll
0x00007ffffe930000 - 0x00007ffffe93c000 	C:\Users\Mun\.p2\pool\plugins\org.eclipse.justj.openjdk.hotspot.jre.full.win32.x86_64_22.0.2.v20240802-1626\jre\bin\dt_socket.dll
0x00007ff8005b0000 - 0x00007ff8005dd000 	C:\Windows\SYSTEM32\IPHLPAPI.DLL
0x00007ff801050000 - 0x00007ff8010b9000 	C:\Windows\system32\mswsock.dll
0x00007ff8005e0000 - 0x00007ff8006e2000 	C:\Windows\SYSTEM32\DNSAPI.dll
0x00007ff803660000 - 0x00007ff803669000 	C:\Windows\System32\NSI.dll
0x00007ffffd910000 - 0x00007ffffd91a000 	C:\Windows\System32\rasadhlp.dll
0x00007ffffbec0000 - 0x00007ffffbf43000 	C:\Windows\System32\fwpuclnt.dll
0x00007fffef970000 - 0x00007fffef980000 	C:\Users\Mun\.p2\pool\plugins\org.eclipse.justj.openjdk.hotspot.jre.full.win32.x86_64_22.0.2.v20240802-1626\jre\bin\net.dll
0x00007fffe9f40000 - 0x00007fffe9f56000 	C:\Users\Mun\.p2\pool\plugins\org.eclipse.justj.openjdk.hotspot.jre.full.win32.x86_64_22.0.2.v20240802-1626\jre\bin\nio.dll
0x00007fffeb0e0000 - 0x00007fffeb0ea000 	C:\Users\Mun\.p2\pool\plugins\org.eclipse.justj.openjdk.hotspot.jre.full.win32.x86_64_22.0.2.v20240802-1626\jre\bin\management.dll
0x00007fffe9850000 - 0x00007fffe985b000 	C:\Users\Mun\.p2\pool\plugins\org.eclipse.justj.openjdk.hotspot.jre.full.win32.x86_64_22.0.2.v20240802-1626\jre\bin\management_ext.dll
0x00007ff803b10000 - 0x00007ff803b18000 	C:\Windows\System32\PSAPI.DLL
0x00007fffcd640000 - 0x00007fffcd657000 	C:\Windows\system32\napinsp.dll
0x00007fffcb910000 - 0x00007fffcb92b000 	C:\Windows\system32\pnrpnsp.dll
0x00007fffc8db0000 - 0x00007fffc8dc1000 	C:\Windows\System32\winrnr.dll
0x00007ffffc170000 - 0x00007ffffc185000 	C:\Windows\system32\wshbth.dll
0x00007fffc8250000 - 0x00007fffc8277000 	C:\Windows\system32\nlansp_c.dll
0x00007ff8012c0000 - 0x00007ff8012db000 	C:\Windows\SYSTEM32\CRYPTSP.dll
0x00007ff800b30000 - 0x00007ff800b65000 	C:\Windows\system32\rsaenh.dll
0x00007ff801160000 - 0x00007ff801188000 	C:\Windows\SYSTEM32\USERENV.dll
0x00007ff8012e0000 - 0x00007ff8012ec000 	C:\Windows\SYSTEM32\CRYPTBASE.dll
0x00007fffe96b0000 - 0x00007fffe96b9000 	C:\Users\Mun\.p2\pool\plugins\org.eclipse.justj.openjdk.hotspot.jre.full.win32.x86_64_22.0.2.v20240802-1626\jre\bin\extnet.dll
0x00007fffee6c0000 - 0x00007fffee6d0000 	C:\Users\Mun\.p2\pool\plugins\org.eclipse.justj.openjdk.hotspot.jre.full.win32.x86_64_22.0.2.v20240802-1626\jre\bin\verify.dll
0x00007fffeb940000 - 0x00007fffeb94e000 	C:\Users\Mun\.p2\pool\plugins\org.eclipse.justj.openjdk.hotspot.jre.full.win32.x86_64_22.0.2.v20240802-1626\jre\bin\sunmscapi.dll
0x00007ff801b20000 - 0x00007ff801c86000 	C:\Windows\System32\CRYPT32.dll
0x00007ff801460000 - 0x00007ff80148d000 	C:\Windows\SYSTEM32\ncrypt.dll
0x00007ff801420000 - 0x00007ff801457000 	C:\Windows\SYSTEM32\NTASN1.dll
0x00007ffff8fc0000 - 0x00007ffff8fc8000 	C:\Windows\system32\wshunix.dll

dbghelp: loaded successfully - version: 4.0.5 - missing functions: none
symbol engine: initialized successfully - sym options: 0x614 - pdb path: .;C:\Users\Mun\.p2\pool\plugins\org.eclipse.justj.openjdk.hotspot.jre.full.win32.x86_64_22.0.2.v20240802-1626\jre\bin;C:\Windows\SYSTEM32;C:\Windows\WinSxS\amd64_microsoft.windows.common-controls_6595b64144ccf1df_6.0.22621.3672_none_2713b9d173822955;C:\Users\Mun\.p2\pool\plugins\org.eclipse.justj.openjdk.hotspot.jre.full.win32.x86_64_22.0.2.v20240802-1626\jre\bin\server

VM Arguments:
jvm_args: -XX:+ShowCodeDetailsInExceptionMessages -agentlib:jdwp=transport=dt_socket,suspend=y,address=localhost:54250 -Dcom.sun.management.jmxremote -Dcom.sun.management.jmxremote.port=54248 -Dcom.sun.management.jmxremote.authenticate=false -Dcom.sun.management.jmxremote.ssl=false -Djava.rmi.server.hostname=localhost -Dspring.jmx.enabled=true -Dmanagement.endpoints.jmx.exposure.include=* -Dspring.application.admin.enabled=true -XX:TieredStopAtLevel=1 -Dspring.boot.project.name=demo -javaagent:C:\Users\Mun\eclipse\jee-2024-06\eclipse\configuration\org.eclipse.osgi\448\0\.cp\lib\javaagent-shaded.jar -Dfile.encoding=UTF-8 -Dstdout.encoding=UTF-8 -Dstderr.encoding=UTF-8 
java_command: vn.iotstar.DemoApplication --spring.output.ansi.enabled=always
java_class_path (initial): D:\FinalProjectWeb\ekomart\demo\target\classes;C:\Users\Mun\.m2\repository\org\springframework\boot\spring-boot-starter-data-jpa\3.3.5\spring-boot-starter-data-jpa-3.3.5.jar;C:\Users\Mun\.m2\repository\org\springframework\boot\spring-boot-starter-aop\3.3.5\spring-boot-starter-aop-3.3.5.jar;C:\Users\Mun\.m2\repository\org\aspectj\aspectjweaver\1.9.22.1\aspectjweaver-1.9.22.1.jar;C:\Users\Mun\.m2\repository\org\springframework\boot\spring-boot-starter-jdbc\3.3.5\spring-boot-starter-jdbc-3.3.5.jar;C:\Users\Mun\.m2\repository\com\zaxxer\HikariCP\5.1.0\HikariCP-5.1.0.jar;C:\Users\Mun\.m2\repository\org\springframework\spring-jdbc\6.1.14\spring-jdbc-6.1.14.jar;C:\Users\Mun\.m2\repository\org\hibernate\orm\hibernate-core\6.5.3.Final\hibernate-core-6.5.3.Final.jar;C:\Users\Mun\.m2\repository\jakarta\persistence\jakarta.persistence-api\3.1.0\jakarta.persistence-api-3.1.0.jar;C:\Users\Mun\.m2\repository\jakarta\transaction\jakarta.transaction-api\2.0.1\jakarta.transaction-api-2.0.1.jar;C:\Users\Mun\.m2\repository\org\jboss\logging\jboss-logging\3.5.3.Final\jboss-logging-3.5.3.Final.jar;C:\Users\Mun\.m2\repository\org\hibernate\common\hibernate-commons-annotations\6.0.6.Final\hibernate-commons-annotations-6.0.6.Final.jar;C:\Users\Mun\.m2\repository\io\smallrye\jandex\3.1.2\jandex-3.1.2.jar;C:\Users\Mun\.m2\repository\com\fasterxml\classmate\1.7.0\classmate-1.7.0.jar;C:\Users\Mun\.m2\repository\net\bytebuddy\byte-buddy\1.14.19\byte-buddy-1.14.19.jar;C:\Users\Mun\.m2\repository\org\glassfish\jaxb\jaxb-runtime\4.0.5\jaxb-runtime-4.0.5.jar;C:\Users\Mun\.m2\repository\org\glassfish\jaxb\jaxb-core\4.0.5\jaxb-core-4.0.5.jar;C:\Users\Mun\.m2\repository\org\glassfish\jaxb\txw2\4.0.5\txw2-4.0.5.jar;C:\Users\Mun\.m2\repository\com\sun\istack\istack-commons-runtime\4.1.2\istack-commons-runtime-4.1.2.jar;C:\Users\Mun\.m2\repository\jakarta\inject\jakarta.inject-api\2.0.1\jakarta.inject-api-2.0.1.jar;C:\Users\Mun\.m2\repository\org\antlr\antlr4-runtime\4.13.0\antlr4-runtime-4.13.0.jar;C:\Users\Mun\.m2\repository\org\springframework\data\spring-data-jpa\3.3.5\spring-data-jpa-3.3.5.jar;C:\Users\Mun\.m2\repository\org\springframework\data\spring-data-commons\3.3.5\spring-data-commons-3.3.5.jar;C:\Users\Mun\.m2\repository\org\springframework\spring-orm\6.1.14\spring-orm-6.1.14.jar;C:\Users\Mun\.m2\repository\org\springframework\spring-context\6.1.14\spring-context-6.1.14.jar;C:\Users\Mun\.m2\repository\org\springframework\spring-tx\6.1.14\spring-tx-6.1.14.jar;C:\Users\Mun\.m2\repository\org\springframework\spring-beans\6.1.14\spring-beans-6.1.14.jar;C:\Users\Mun\.m2\repository\jakarta\annotation\jakarta.annotation-api\2.1.1\jakarta.annotation-api-2.1.1.jar;C:\Users\Mun\.m2\repository\org\springframework\spring-aspects\6.1.14\spring-aspects-6.1.14.jar;C:\Users\Mun\.m2\repository\org\springframework\boot\spring-boot-starter-thymeleaf\3.3.5\spring-boot-starter-thymeleaf-3.3.5.jar;C:\Users\Mun\.m2\repository\org\springframework\boot\spring-boot-starter\3.3.5\spring-boot-starter-3.3.5.jar;C:\Users\Mun\.m2\repository\org\springframework\boot\spring-boot-starter-logging\3.3.5\spring-boot-starter-logging-3.3.5.jar;C:\Users\Mun\.m2\repository\ch\qos\logback\logback-classic\1.5.11\logback-classic-1.5.11.jar;C:\Users\Mun\.m2\repository\ch\qos\logback\logback-core\1.5.11\logback-core-1.5.11.jar;C:\Users\Mun\.m2\repository\org\apache\logging\log4j\log4j-to-slf4j\2.23.1\log4j-to-slf4j-2.23.1.jar;C:\Users\Mun\.m2\repository\org\apache\logging\log4j\log4j-api\2.23.1\log4j-api-2.23.1.jar;C:\Users\Mun\.m2\repository\org\slf4j\jul-to-slf4j\2.0.16\jul-to-slf4j-2.0.16.jar;C:\Users\Mun\.m2\repository\org\yaml\snakeyaml\2.2\snakeyaml-2.2.jar;C:\Users\Mun\.m2\repository\org\thymeleaf\thymeleaf-spring6\3.1.2.RELEASE\thymeleaf-spring6-3.1.2.RELEASE.jar;C:\Users\Mun\.m2\repository\org\springframework\boot\spring-boot-starter-validation\3.3.5\spring-boot-starter-validation-3.3.5.jar;C:\Users\Mun\.m2\repository\org\apache\tomcat\embed\tomcat-embed-el\10.1.31\tomcat-embed-el-10.1.31.jar;C:\Users\Mun\.m2\repository\org\hibernate\validator\hibernate-validator\8.0.1.Final\hibernate-validator-8.0.1.Final.jar;C:\Users\Mun\.m2\repository\jakarta\validation\jakarta.validation-api\3.0.2\jakarta.validation-api-3.0.2.jar;C:\Users\Mun\.m2\repository\org\springframework\boot\spring-boot-starter-web\3.3.5\spring-boot-starter-web-3.3.5.jar;C:\Users\Mun\.m2\repository\org\springframework\boot\spring-boot-starter-json\3.3.5\spring-boot-starter-json-3.3.5.jar;C:\Users\Mun\.m2\repository\com\fasterxml\jackson\datatype\jackson-datatype-jdk8\2.17.2\jackson-datatype-jdk8-2.17.2.jar;C:\Users\Mun\.m2\repository\com\fasterxml\jackson\datatype\jackson-datatype-jsr310\2.17.2\jackson-datatype-jsr310-2.17.2.jar;C:\Users\Mun\.m2\repository\com\fasterxml\jackson\module\jackson-module-parameter-names\2.17.2\jackson-module-parameter-names-2.17.2.jar;C:\Users\Mun\.m2\repository\org\springframework\boot\spring-boot-starter-tomcat\3.3.5\spring-boot-starter-tomcat-3.3.5.jar;C:\Users\Mun\.m2\repository\org\apache\tomcat\embed\tomcat-embed-core\10.1.31\tomcat-embed-core-10.1.31.jar;C:\Users\Mun\.m2\repository\org\apache\tomcat\embed\tomcat-embed-websocket\10.1.31\tomcat-embed-websocket-10.1.31.jar;C:\Users\Mun\.m2\repository\org\springframework\spring-web\6.1.14\spring-web-6.1.14.jar;C:\Users\Mun\.m2\repository\io\micrometer\micrometer-observation\1.13.6\micrometer-observation-1.13.6.jar;C:\Users\Mun\.m2\repository\io\micrometer\micrometer-commons\1.13.6\micrometer-commons-1.13.6.jar;C:\Users\Mun\.m2\repository\org\springframework\spring-webmvc\6.1.14\spring-webmvc-6.1.14.jar;C:\Users\Mun\.m2\repository\org\springframework\spring-expression\6.1.14\spring-expression-6.1.14.jar;C:\Users\Mun\.m2\repository\org\springframework\boot\spring-boot-starter-websocket\3.3.5\spring-boot-starter-websocket-3.3.5.jar;C:\Users\Mun\.m2\repository\org\springframework\spring-messaging\6.1.14\spring-messaging-6.1.14.jar;C:\Users\Mun\.m2\repository\org\springframework\spring-websocket\6.1.14\spring-websocket-6.1.14.jar;C:\Users\Mun\.m2\repository\nz\net\ultraq\thymeleaf\thymeleaf-layout-dialect\3.3.0\thymeleaf-layout-dialect-3.3.0.jar;C:\Users\Mun\.m2\repository\org\apache\groovy\groovy\4.0.23\groovy-4.0.23.jar;C:\Users\Mun\.m2\repository\nz\net\ultraq\groovy\groovy-extensions\2.1.0\groovy-extensions-2.1.0.jar;C:\Users\Mun\.m2\repository\nz\net\ultraq\thymeleaf\thymeleaf-expression-processor\3.2.0\thymeleaf-expression-processor-3.2.0.jar;C:\Users\Mun\.m2\repository\org\thymeleaf\thymeleaf\3.1.2.RELEASE\thymeleaf-3.1.2.RELEASE.jar;C:\Users\Mun\.m2\repository\ognl\ognl\3.3.4\ognl-3.3.4.jar;C:\Users\Mun\.m2\repository\org\javassist\javassist\3.29.0-GA\javassist-3.29.0-GA.jar;C:\Users\Mun\.m2\repository\org\attoparser\attoparser\2.0.7.RELEASE\attoparser-2.0.7.RELEASE.jar;C:\Users\Mun\.m2\repository\org\unbescape\unbescape\1.1.6.RELEASE\unbescape-1.1.6.RELEASE.jar;C:\Users\Mun\.m2\repository\org\slf4j\slf4j-api\2.0.16\slf4j-api-2.0.16.jar;C:\Users\Mun\.m2\repository\org\springframework\boot\spring-boot-devtools\3.3.5\spring-boot-devtools-3.3.5.jar;C:\Users\Mun\.m2\repository\org\springframework\boot\spring-boot\3.3.5\spring-boot-3.3.5.jar;C:\Users\Mun\.m2\repository\org\springframework\boot\spring-boot-autoconfigure\3.3.5\spring-boot-autoconfigure-3.3.5.jar;C:\Users\Mun\.m2\repository\com\mysql\mysql-connector-j\8.3.0\mysql-connector-j-8.3.0.jar;C:\Users\Mun\.m2\repository\org\projectlombok\lombok\1.18.34\lombok-1.18.34.jar;C:\Users\Mun\.m2\repository\jakarta\xml\bind\jakarta.xml.bind-api\4.0.2\jakarta.xml.bind-api-4.0.2.jar;C:\Users\Mun\.m2\repository\jakarta\activation\jakarta.activation-api\2.1.3\jakarta.activation-api-2.1.3.jar;C:\Users\Mun\.m2\repository\org\springframework\spring-core\6.1.14\spring-core-6.1.14.jar;C:\Users\Mun\.m2\repository\org\springframework\spring-jcl\6.1.14\spring-jcl-6.1.14.jar;C:\Users\Mun\.m2\repository\org\springframework\boot\spring-boot-starter-security\3.3.5\spring-boot-starter-security-3.3.5.jar;C:\Users\Mun\.m2\repository\org\springframework\spring-aop\6.1.14\spring-aop-6.1.14.jar;C:\Users\Mun\.m2\repository\org\springframework\security\spring-security-config\6.3.4\spring-security-config-6.3.4.jar;C:\Users\Mun\.m2\repository\org\springframework\security\spring-security-web\6.3.4\spring-security-web-6.3.4.jar;C:\Users\Mun\.m2\repository\org\thymeleaf\extras\thymeleaf-extras-springsecurity6\3.1.2.RELEASE\thymeleaf-extras-springsecurity6-3.1.2.RELEASE.jar;C:\Users\Mun\.m2\repository\org\springframework\security\spring-security-core\6.3.4\spring-security-core-6.3.4.jar;C:\Users\Mun\.m2\repository\org\springframework\security\spring-security-crypto\6.3.4\spring-security-crypto-6.3.4.jar;C:\Users\Mun\.m2\repository\io\jsonwebtoken\jjwt-api\0.11.5\jjwt-api-0.11.5.jar;C:\Users\Mun\.m2\repository\io\jsonwebtoken\jjwt-impl\0.11.5\jjwt-impl-0.11.5.jar;C:\Users\Mun\.m2\repository\io\jsonwebtoken\jjwt-jackson\0.11.5\jjwt-jackson-0.11.5.jar;C:\Users\Mun\.m2\repository\com\fasterxml\jackson\core\jackson-databind\2.17.2\jackson-databind-2.17.2.jar;C:\Users\Mun\.m2\repository\com\fasterxml\jackson\core\jackson-annotations\2.17.2\jackson-annotations-2.17.2.jar;C:\Users\Mun\.m2\repository\com\fasterxml\jackson\core\jackson-core\2.17.2\jackson-core-2.17.2.jar;C:\Users\Mun\.m2\repository\org\springframework\boot\spring-boot-starter-mail\3.3.5\spring-boot-starter-mail-3.3.5.jar;C:\Users\Mun\.m2\repository\org\springframework\spring-context-support\6.1.14\spring-context-support-6.1.14.jar;C:\Users\Mun\.m2\repository\org\eclipse\angus\jakarta.mail\2.0.3\jakarta.mail-2.0.3.jar;C:\Users\Mun\.m2\repository\org\eclipse\angus\angus-activation\2.0.2\angus-activation-2.0.2.jar
Launcher Type: SUN_STANDARD

[Global flags]
     intx CICompilerCount                          = 12                                        {product} {ergonomic}
     uint ConcGCThreads                            = 3                                         {product} {ergonomic}
     uint G1ConcRefinementThreads                  = 13                                        {product} {ergonomic}
   size_t G1HeapRegionSize                         = 2097152                                   {product} {ergonomic}
   size_t InitialHeapSize                          = 232783872                                 {product} {ergonomic}
     bool ManagementServer                         = true                                      {product} {command line}
   size_t MarkStackSize                            = 4194304                                   {product} {ergonomic}
   size_t MaxHeapSize                              = 3693084672                                {product} {ergonomic}
   size_t MaxNewSize                               = 2214592512                                {product} {ergonomic}
   size_t MinHeapDeltaBytes                        = 2097152                                   {product} {ergonomic}
   size_t MinHeapSize                              = 8388608                                   {product} {ergonomic}
    uintx NonNMethodCodeHeapSize                   = 4096                                   {pd product} {ergonomic}
    uintx NonProfiledCodeHeapSize                  = 0                                      {pd product} {ergonomic}
     bool ProfileInterpreter                       = false                                  {pd product} {command line}
    uintx ProfiledCodeHeapSize                     = 0                                      {pd product} {ergonomic}
     bool ShowCodeDetailsInExceptionMessages       = true                                   {manageable} {command line}
   size_t SoftMaxHeapSize                          = 3693084672                             {manageable} {ergonomic}
     intx TieredStopAtLevel                        = 1                                         {product} {command line}
     bool UseCompressedOops                        = true                           {product lp64_product} {ergonomic}
     bool UseG1GC                                  = true                                      {product} {ergonomic}
     bool UseLargePagesIndividualAllocation        = false                                  {pd product} {ergonomic}

Logging:
Log output configuration:
 #0: stdout all=warning uptime,level,tags foldmultilines=false
 #1: stderr all=off uptime,level,tags foldmultilines=false

Environment Variables:
JAVA_HOME=C:\Users\Mun\Documents\HK1_Nam3\Software_Enginering\jdk-11
PATH=C:\Users\Mun\.p2\pool\plugins\org.eclipse.justj.openjdk.hotspot.jre.full.win32.x86_64_22.0.2.v20240802-1626\jre\bin;C:/Users/Mun/.p2/pool/plugins/org.eclipse.justj.openjdk.hotspot.jre.full.win32.x86_64_22.0.2.v20240802-1626/jre/bin/server;C:/Users/Mun/.p2/pool/plugins/org.eclipse.justj.openjdk.hotspot.jre.full.win32.x86_64_22.0.2.v20240802-1626/jre/bin;C:\Program Files\Java\jdk-22\bin;C:\Program Files\Microsoft MPI\Bin\;C:\Program Files (x86)\VMware\VMware Workstation\bin\;C:\Program Files\Common Files\Oracle\Java\javapath;C:\Windows\system32;C:\Windows;C:\Windows\System32\Wbem;C:\Windows\System32\WindowsPowerShell\v1.0\;C:\Windows\System32\OpenSSH\;C:\Program Files\Git\cmd;C:\Program Files\Microsoft SQL Server\Client SDK\ODBC\170\Tools\Binn\;C:\Program Files\dotnet\;C:\Users\Mun\Documents\apache-maven-3.9.9-bin\apache-maven-3.9.9\bin;C:\Program Files\TortoiseGit\bin;C:\Program Files (x86)\Microsoft SQL Server\150\Tools\Binn\;C:\Program Files\Microsoft SQL Server\150\Tools\Binn\;C:\Program Files\Microsoft SQL Server\150\DTS\Binn\;C:\Program Files (x86)\Microsoft SQL Server\160\DTS\Binn\;C:\Program Files\Docker\Docker\resources\bin;C:\Program Files\MySQL\MySQL Server 8.0\bin;C:\Users\Mun\AppData\Local\Microsoft\WindowsApps;C:\Users\Mun\AppData\Local\Programs\Microsoft VS Code\bin;C:\Users\Mun\.dotnet\tools;C:\Program Files\MySQL\MySQL Server 8.0\bin\bin;;C:\Windows\System32;
USERNAME=Mun
OS=Windows_NT
PROCESSOR_IDENTIFIER=AMD64 Family 25 Model 117 Stepping 2, AuthenticAMD
TMP=C:\Users\Mun\AppData\Local\Temp
TEMP=C:\Users\Mun\AppData\Local\Temp




Periodic native trim disabled

---------------  S Y S T E M  ---------------

OS:
 Windows 11 , 64 bit Build 22621 (10.0.22621.3958)
OS uptime: 1 days 23:46 hours
Hyper-V role detected

CPU: total 16 (initial active 16) (16 cores per cpu, 2 threads per core) family 25 model 117 stepping 2 microcode 0x0, cx8, cmov, fxsr, ht, mmx, 3dnowpref, sse, sse2, sse3, ssse3, sse4a, sse4.1, sse4.2, popcnt, lzcnt, tsc, tscinvbit, avx, avx2, aes, erms, clmul, bmi1, bmi2, adx, avx512f, avx512dq, avx512cd, avx512bw, avx512vl, sha, fma, vzeroupper, avx512_vpopcntdq, avx512_vpclmulqdq, avx512_vaes, avx512_vnni, clflush, clflushopt, avx512_vbmi2, avx512_vbmi, hv, rdtscp, rdpid, fsrm, gfni, avx512_bitalg, f16c, cet_ss, avx512_ifma
Processor Information for processor 0
  Max Mhz: 3801, Current Mhz: 2516, Mhz Limit: 3801
Processor Information for processor 1
  Max Mhz: 3801, Current Mhz: 2516, Mhz Limit: 3801
Processor Information for processor 2
  Max Mhz: 3801, Current Mhz: 2516, Mhz Limit: 3801
Processor Information for processor 3
  Max Mhz: 3801, Current Mhz: 2516, Mhz Limit: 3801
Processor Information for processor 4
  Max Mhz: 3801, Current Mhz: 2516, Mhz Limit: 3801
Processor Information for processor 5
  Max Mhz: 3801, Current Mhz: 2516, Mhz Limit: 3801
Processor Information for processor 6
  Max Mhz: 3801, Current Mhz: 2516, Mhz Limit: 3801
Processor Information for processor 7
  Max Mhz: 3801, Current Mhz: 3801, Mhz Limit: 3801
Processor Information for processor 8
  Max Mhz: 3801, Current Mhz: 2516, Mhz Limit: 3801
Processor Information for processor 9
  Max Mhz: 3801, Current Mhz: 2516, Mhz Limit: 3801
Processor Information for processor 10
  Max Mhz: 3801, Current Mhz: 2516, Mhz Limit: 3801
Processor Information for processor 11
  Max Mhz: 3801, Current Mhz: 2516, Mhz Limit: 3801
Processor Information for processor 12
  Max Mhz: 3801, Current Mhz: 2516, Mhz Limit: 3801
Processor Information for processor 13
  Max Mhz: 3801, Current Mhz: 3801, Mhz Limit: 3801
Processor Information for processor 14
  Max Mhz: 3801, Current Mhz: 2516, Mhz Limit: 3801
Processor Information for processor 15
  Max Mhz: 3801, Current Mhz: 2516, Mhz Limit: 3801

Memory: 4k page, system-wide physical 14086M (565M free)
TotalPageFile size 28440M (AvailPageFile size 4155M)
current process WorkingSet (physical memory assigned to process): 326M, peak: 352M
current process commit charge ("private bytes"): 381M, peak: 414M

vm_info: OpenJDK 64-Bit Server VM (22.0.2+9) for windows-amd64 JRE (22.0.2+9), built on 2024-07-16T00:00:00Z by "admin" with MS VC++ 17.7 (VS2022)

END.
